

================================================================
== Vivado HLS Report for 'Block_codeRepl350_proc526'
================================================================
* Date:           Wed Aug 10 15:19:36 2022

* Version:        2019.2 (Build 2704478 on Wed Nov 06 22:10:23 MST 2019)
* Project:        alveo_hls4ml
* Solution:       solution
* Product family: virtexuplus
* Target device:  xcu50-fsvh2104-2L-e


================================================================
== Performance Estimates
================================================================
+ Timing: 
    * Summary: 
    +--------+---------+----------+------------+
    |  Clock |  Target | Estimated| Uncertainty|
    +--------+---------+----------+------------+
    |ap_clk  | 5.00 ns | 4.100 ns |   0.90 ns  |
    +--------+---------+----------+------------+

+ Latency: 
    * Summary: 
    +---------+---------+----------+----------+---------+---------+---------+
    |  Latency (cycles) |  Latency (absolute) |      Interval     | Pipeline|
    |   min   |   max   |    min   |    max   |   min   |   max   |   Type  |
    +---------+---------+----------+----------+---------+---------+---------+
    |  1367964|  1825891| 6.840 ms | 9.129 ms |  1367964|  1825891|   none  |
    +---------+---------+----------+----------+---------+---------+---------+

    + Detail: 
        * Instance: 
        +------------------------------------+-----------------------+---------+---------+-----------+-----------+--------+--------+----------+
        |                                    |                       |  Latency (cycles) |   Latency (absolute)  |     Interval    | Pipeline |
        |              Instance              |         Module        |   min   |   max   |    min    |    max    |   min  |   max  |   Type   |
        +------------------------------------+-----------------------+---------+---------+-----------+-----------+--------+--------+----------+
        |grp_myproject_fu_27977              |myproject              |  1362403|  1362403|  6.812 ms |  6.812 ms |  304442|  552242| dataflow |
        |grp_fillWeights_589824u_1_fu_31009  |fillWeights_589824u_1  |   589833|   589833|  2.949 ms |  2.949 ms |  589833|  589833|   none   |
        |grp_fillWeights_589824u_s_fu_31018  |fillWeights_589824u_s  |   589833|   589833|  2.949 ms |  2.949 ms |  589833|  589833|   none   |
        |grp_fillWeights_147456u_s_fu_31027  |fillWeights_147456u_s  |   147465|   147465|  0.737 ms |  0.737 ms |  147465|  147465|   none   |
        |grp_fillWeights_294912u_s_fu_31036  |fillWeights_294912u_s  |   294921|   294921|  1.475 ms |  1.475 ms |  294921|  294921|   none   |
        |grp_fillWeights_36864u_s_fu_31045   |fillWeights_36864u_s   |    36873|    36873|  0.184 ms |  0.184 ms |   36873|   36873|   none   |
        |grp_fillWeights_73728u_s_fu_31054   |fillWeights_73728u_s   |    73737|    73737|  0.369 ms |  0.369 ms |   73737|   73737|   none   |
        |grp_fillWeights_9216u_s_fu_31063    |fillWeights_9216u_s    |     9225|     9225| 46.125 us | 46.125 us |    9225|    9225|   none   |
        |grp_fillWeights_65536u_s_fu_31072   |fillWeights_65536u_s   |    65545|    65545|  0.328 ms |  0.328 ms |   65545|   65545|   none   |
        |grp_fillWeights_18432u_s_fu_31081   |fillWeights_18432u_s   |    18441|    18441| 92.205 us | 92.205 us |   18441|   18441|   none   |
        +------------------------------------+-----------------------+---------+---------+-----------+-----------+--------+--------+----------+

        * Loop: 
        +----------+---------+---------+----------+-----------+-----------+------+----------+
        |          |  Latency (cycles) | Iteration|  Initiation Interval  | Trip |          |
        | Loop Name|   min   |   max   |  Latency |  achieved |   target  | Count| Pipelined|
        +----------+---------+---------+----------+-----------+-----------+------+----------+
        |- Loop 1  |     3080|     3080|         5|          -|          -|   616|    no    |
        +----------+---------+---------+----------+-----------+-----------+------+----------+



================================================================
== Utilization Estimates
================================================================
* Summary: 
+---------------------+---------+-------+---------+--------+-----+
|         Name        | BRAM_18K| DSP48E|    FF   |   LUT  | URAM|
+---------------------+---------+-------+---------+--------+-----+
|DSP                  |        -|      -|        -|       -|    -|
|Expression           |        -|      -|        0|      71|    -|
|FIFO                 |        1|      -|       56|     110|    -|
|Instance             |      294|   2189|   398068|  460365|    0|
|Memory               |     1231|      -|    20480|       0|  285|
|Multiplexer          |        -|      -|        -|    5474|    -|
|Register             |        -|      -|     3210|       -|    -|
+---------------------+---------+-------+---------+--------+-----+
|Total                |     1526|   2189|   421814|  466020|  285|
+---------------------+---------+-------+---------+--------+-----+
|Available SLR        |     1344|   2976|   871680|  435840|  320|
+---------------------+---------+-------+---------+--------+-----+
|Utilization SLR (%)  |      113|     73|       48|     106|   89|
+---------------------+---------+-------+---------+--------+-----+
|Available            |     2688|   5952|  1743360|  871680|  640|
+---------------------+---------+-------+---------+--------+-----+
|Utilization (%)      |       56|     36|       24|      53|   44|
+---------------------+---------+-------+---------+--------+-----+

+ Detail: 
    * Instance: 
    +------------------------------------+-----------------------+---------+-------+--------+--------+-----+
    |              Instance              |         Module        | BRAM_18K| DSP48E|   FF   |   LUT  | URAM|
    +------------------------------------+-----------------------+---------+-------+--------+--------+-----+
    |grp_fillWeights_147456u_s_fu_31027  |fillWeights_147456u_s  |        0|      0|     168|   21335|    0|
    |grp_fillWeights_18432u_s_fu_31081   |fillWeights_18432u_s   |        0|      0|     145|   17709|    0|
    |grp_fillWeights_294912u_s_fu_31036  |fillWeights_294912u_s  |        0|      0|     171|   21334|    0|
    |grp_fillWeights_36864u_s_fu_31045   |fillWeights_36864u_s   |        0|      0|     176|   21305|    0|
    |grp_fillWeights_589824u_1_fu_31009  |fillWeights_589824u_1  |        0|      0|     180|   21345|    0|
    |grp_fillWeights_589824u_s_fu_31018  |fillWeights_589824u_s  |        0|      0|     177|   21339|    0|
    |grp_fillWeights_65536u_s_fu_31072   |fillWeights_65536u_s   |        0|      0|      97|   21217|    0|
    |grp_fillWeights_73728u_s_fu_31054   |fillWeights_73728u_s   |        0|      0|     159|   21324|    0|
    |grp_fillWeights_9216u_s_fu_31063    |fillWeights_9216u_s    |        0|      0|     164|   21295|    0|
    |grp_myproject_fu_27977              |myproject              |      294|   2189|  396631|  272162|    0|
    +------------------------------------+-----------------------+---------+-------+--------+--------+-----+
    |Total                               |                       |      294|   2189|  398068|  460365|    0|
    +------------------------------------+-----------------------+---------+-------+--------+--------+-----+

    * DSP48E: 
    N/A

    * Memory: 
    +---------------+---------------------------------------+---------+------+----+-----+------+------+------+-------------+
    |     Memory    |                 Module                | BRAM_18K|  FF  | LUT| URAM| Words| Bits | Banks| W*Bits*Banks|
    +---------------+---------------------------------------+---------+------+----+-----+------+------+------+-------------+
    |in_bigbuf_V_U  |Block_codeRepl350_proc526_in_bigbuf_V  |        4|     0|   0|    0|  2464|    16|     1|        39424|
    |w13_V_U        |Block_codeRepl350_proc526_w13_V        |      171|     0|   0|    0|    24|  6144|     1|       147456|
    |w18_V_U        |Block_codeRepl350_proc526_w18_V        |       86|     0|   0|    0|    96|  3072|     1|       294912|
    |w22_V_U        |Block_codeRepl350_proc526_w22_V        |      171|     0|   0|    0|    96|  6144|     1|       589824|
    |w27_V_U        |Block_codeRepl350_proc526_w27_V        |      114|     0|   0|    0|   288|  4096|     1|      1179648|
    |w31_V_U        |Block_codeRepl350_proc526_w31_V        |        0|  8192|   0|  114|   288|  8192|     1|      2359296|
    |w36_V_U        |Block_codeRepl350_proc526_w36_V        |        0|  4096|   0|   57|  1152|  4096|     1|      4718592|
    |w40_V_U        |Block_codeRepl350_proc526_w40_V        |        0|  8192|   0|  114|  1152|  8192|     1|      9437184|
    |w45_V_U        |Block_codeRepl350_proc526_w45_V        |      571|     0|   0|    0|  2304|  4096|     1|      9437184|
    |w49_V_U        |Block_codeRepl350_proc526_w49_V        |      114|     0|   0|    0|   256|  4096|     1|      1048576|
    +---------------+---------------------------------------+---------+------+----+-----+------+------+------+-------------+
    |Total          |                                       |     1231| 20480|   0|  285|  8120| 48144|    10|     29252096|
    +---------------+---------------------------------------+---------+------+----+-----+------+------+------+-------------+

    * FIFO: 
    +--------------------+---------+----+----+-----+------+-----+---------+
    |        Name        | BRAM_18K| FF | LUT| URAM| Depth| Bits| Size:D*B|
    +--------------------+---------+----+----+-----+------+-----+---------+
    |in_buf_V_V_fifo_U   |        1|  51|   0|    -|  1000|   16|    16000|
    |out_buf_V_V_fifo_U  |        0|   5|   0|    -|     1|   16|       16|
    +--------------------+---------+----+----+-----+------+-----+---------+
    |Total               |        1|  56|   0|    0|  1001|   32|    16016|
    +--------------------+---------+----+----+-----+------+-----+---------+

    * Expression: 
    +-----------------------------------------+----------+-------+---+----+------------+------------+
    |              Variable Name              | Operation| DSP48E| FF| LUT| Bitwidth P0| Bitwidth P1|
    +-----------------------------------------+----------+-------+---+----+------------+------------+
    |i0_fu_31243_p2                           |     +    |      0|  0|  10|          10|           1|
    |ap_block_state1_io                       |    and   |      0|  0|   2|           1|           1|
    |ap_block_state2490_io                    |    and   |      0|  0|   2|           1|           1|
    |ap_block_state2503                       |    and   |      0|  0|   2|           1|           1|
    |icmp_ln151_fu_31237_p2                   |   icmp   |      0|  0|  13|          10|          10|
    |ap_block_state1                          |    or    |      0|  0|   2|           1|           1|
    |ap_sync_grp_myproject_fu_27977_ap_done   |    or    |      0|  0|   2|           1|           1|
    |ap_sync_grp_myproject_fu_27977_ap_ready  |    or    |      0|  0|   2|           1|           1|
    |or_ln154_1_fu_31272_p2                   |    or    |      0|  0|  12|          12|           2|
    |or_ln154_2_fu_31282_p2                   |    or    |      0|  0|  12|          12|           2|
    |or_ln154_fu_31262_p2                     |    or    |      0|  0|  12|          12|           1|
    +-----------------------------------------+----------+-------+---+----+------------+------------+
    |Total                                    |          |      0|  0|  71|          62|          22|
    +-----------------------------------------+----------+-------+---+----+------------+------------+

    * Multiplexer: 
    +----------------------+------+-----------+------+-----------+
    |         Name         |  LUT | Input Size| Bits | Total Bits|
    +----------------------+------+-----------+------+-----------+
    |ap_NS_fsm             |  2193|       2504|     1|       2504|
    |ap_done               |     9|          2|     1|          2|
    |i0_0_reg_27966        |     9|          2|    10|         20|
    |in_V_blk_n_AR         |     9|          2|     1|          2|
    |in_V_blk_n_AW         |     9|          2|     1|          2|
    |in_V_blk_n_B          |     9|          2|     1|          2|
    |in_V_blk_n_R          |     9|          2|     1|          2|
    |in_V_blk_n_W          |     9|          2|     1|          2|
    |in_bigbuf_V_address0  |  2193|       2469|    12|      29628|
    |in_buf_V_V_read       |     9|          2|     1|          2|
    |m_axi_in_V_ARADDR     |    50|         11|    64|        704|
    |m_axi_in_V_ARBURST    |    47|         10|     2|         20|
    |m_axi_in_V_ARCACHE    |    47|         10|     4|         40|
    |m_axi_in_V_ARID       |    47|         10|     1|         10|
    |m_axi_in_V_ARLEN      |    50|         11|    32|        352|
    |m_axi_in_V_ARLOCK     |    47|         10|     2|         20|
    |m_axi_in_V_ARPROT     |    47|         10|     3|         30|
    |m_axi_in_V_ARQOS      |    47|         10|     4|         40|
    |m_axi_in_V_ARREGION   |    47|         10|     4|         40|
    |m_axi_in_V_ARSIZE     |    47|         10|     3|         30|
    |m_axi_in_V_ARUSER     |    47|         10|     1|         10|
    |m_axi_in_V_ARVALID    |    50|         11|     1|         11|
    |m_axi_in_V_RREADY     |    50|         11|     1|         11|
    |m_axi_in_V_WDATA      |    15|          3|    16|         48|
    |out_buf_V_V_write     |     9|          2|     1|          2|
    |w13_V_address0        |    15|          3|     5|         15|
    |w13_V_ce0             |    15|          3|     1|          3|
    |w13_V_we0             |     9|          2|     1|          2|
    |w18_V_address0        |    15|          3|     7|         21|
    |w18_V_ce0             |    15|          3|     1|          3|
    |w18_V_we0             |     9|          2|     1|          2|
    |w22_V_address0        |    15|          3|     7|         21|
    |w22_V_ce0             |    15|          3|     1|          3|
    |w22_V_we0             |     9|          2|     1|          2|
    |w27_V_address0        |    15|          3|     9|         27|
    |w27_V_ce0             |    15|          3|     1|          3|
    |w27_V_we0             |     9|          2|     1|          2|
    |w31_V_address0        |    15|          3|     9|         27|
    |w31_V_ce0             |    15|          3|     1|          3|
    |w31_V_ce1             |     9|          2|     1|          2|
    |w31_V_we0             |     9|          2|  1024|       2048|
    |w36_V_address0        |    15|          3|    11|         33|
    |w36_V_ce0             |    15|          3|     1|          3|
    |w36_V_we0             |     9|          2|   512|       1024|
    |w40_V_address0        |    15|          3|    11|         33|
    |w40_V_ce0             |    15|          3|     1|          3|
    |w40_V_ce1             |     9|          2|     1|          2|
    |w40_V_we0             |     9|          2|  1024|       2048|
    |w45_V_address0        |    15|          3|    12|         36|
    |w45_V_ce0             |    15|          3|     1|          3|
    |w45_V_we0             |     9|          2|     1|          2|
    |w49_V_address0        |    15|          3|     8|         24|
    |w49_V_ce0             |    15|          3|     1|          3|
    |w49_V_we0             |     9|          2|     1|          2|
    +----------------------+------+-----------+------+-----------+
    |Total                 |  5474|       5204|  2825|      38934|
    +----------------------+------+-----------+------+-----------+

    * Register: 
    +-------------------------------------------------+------+----+------+-----------+
    |                       Name                      |  FF  | LUT| Bits | Const Bits|
    +-------------------------------------------------+------+----+------+-----------+
    |ap_CS_fsm                                        |  2503|   0|  2503|          0|
    |ap_done_reg                                      |     1|   0|     1|          0|
    |ap_sync_reg_grp_myproject_fu_27977_ap_done       |     1|   0|     1|          0|
    |ap_sync_reg_grp_myproject_fu_27977_ap_ready      |     1|   0|     1|          0|
    |fillWeights_load_reg_31362                       |     1|   0|     1|          0|
    |fillWeights_s                                    |     1|   0|     1|          0|
    |grp_fillWeights_147456u_s_fu_31027_ap_start_reg  |     1|   0|     1|          0|
    |grp_fillWeights_18432u_s_fu_31081_ap_start_reg   |     1|   0|     1|          0|
    |grp_fillWeights_294912u_s_fu_31036_ap_start_reg  |     1|   0|     1|          0|
    |grp_fillWeights_36864u_s_fu_31045_ap_start_reg   |     1|   0|     1|          0|
    |grp_fillWeights_589824u_1_fu_31009_ap_start_reg  |     1|   0|     1|          0|
    |grp_fillWeights_589824u_s_fu_31018_ap_start_reg  |     1|   0|     1|          0|
    |grp_fillWeights_65536u_s_fu_31072_ap_start_reg   |     1|   0|     1|          0|
    |grp_fillWeights_73728u_s_fu_31054_ap_start_reg   |     1|   0|     1|          0|
    |grp_fillWeights_9216u_s_fu_31063_ap_start_reg    |     1|   0|     1|          0|
    |grp_myproject_fu_27977_ap_start_reg              |     1|   0|     1|          0|
    |i0_0_reg_27966                                   |    10|   0|    10|          0|
    |i0_reg_31369                                     |    10|   0|    10|          0|
    |in_V_addr_reg_31327                              |    63|   0|    64|          1|
    |in_weights1_V_offset1_reg_31339                  |    63|   0|    63|          0|
    |in_weights2_V_offset1_reg_31334                  |    63|   0|    63|          0|
    |in_weights3_V_offset1_reg_31322                  |    63|   0|    63|          0|
    |in_weights4_V_offset1_reg_31317                  |    63|   0|    63|          0|
    |in_weights5_V_offset1_reg_31312                  |    63|   0|    63|          0|
    |in_weights6_V_offset1_reg_31307                  |    63|   0|    63|          0|
    |in_weights7_V_offset1_reg_31302                  |    63|   0|    63|          0|
    |in_weights8_V_offset1_reg_31297                  |    63|   0|    63|          0|
    |in_weights9_V_offset1_reg_31292                  |    63|   0|    63|          0|
    |reg_31090                                        |    16|   0|    16|          0|
    |shl_ln_reg_31374                                 |    10|   0|    12|          2|
    |tmp_V_reg_31401                                  |    16|   0|    16|          0|
    +-------------------------------------------------+------+----+------+-----------+
    |Total                                            |  3210|   0|  3213|          3|
    +-------------------------------------------------+------+----+------+-----------+



================================================================
== Interface
================================================================
* Summary: 
+----------------------+-----+-----+------------+---------------------------+--------------+
|       RTL Ports      | Dir | Bits|  Protocol  |       Source Object       |    C Type    |
+----------------------+-----+-----+------------+---------------------------+--------------+
|ap_clk                |  in |    1| ap_ctrl_hs | Block_codeRepl350_proc526 | return value |
|ap_rst                |  in |    1| ap_ctrl_hs | Block_codeRepl350_proc526 | return value |
|ap_start              |  in |    1| ap_ctrl_hs | Block_codeRepl350_proc526 | return value |
|ap_done               | out |    1| ap_ctrl_hs | Block_codeRepl350_proc526 | return value |
|ap_continue           |  in |    1| ap_ctrl_hs | Block_codeRepl350_proc526 | return value |
|ap_idle               | out |    1| ap_ctrl_hs | Block_codeRepl350_proc526 | return value |
|ap_ready              | out |    1| ap_ctrl_hs | Block_codeRepl350_proc526 | return value |
|m_axi_in_V_AWVALID    | out |    1|    m_axi   |            in_V           |    pointer   |
|m_axi_in_V_AWREADY    |  in |    1|    m_axi   |            in_V           |    pointer   |
|m_axi_in_V_AWADDR     | out |   64|    m_axi   |            in_V           |    pointer   |
|m_axi_in_V_AWID       | out |    1|    m_axi   |            in_V           |    pointer   |
|m_axi_in_V_AWLEN      | out |   32|    m_axi   |            in_V           |    pointer   |
|m_axi_in_V_AWSIZE     | out |    3|    m_axi   |            in_V           |    pointer   |
|m_axi_in_V_AWBURST    | out |    2|    m_axi   |            in_V           |    pointer   |
|m_axi_in_V_AWLOCK     | out |    2|    m_axi   |            in_V           |    pointer   |
|m_axi_in_V_AWCACHE    | out |    4|    m_axi   |            in_V           |    pointer   |
|m_axi_in_V_AWPROT     | out |    3|    m_axi   |            in_V           |    pointer   |
|m_axi_in_V_AWQOS      | out |    4|    m_axi   |            in_V           |    pointer   |
|m_axi_in_V_AWREGION   | out |    4|    m_axi   |            in_V           |    pointer   |
|m_axi_in_V_AWUSER     | out |    1|    m_axi   |            in_V           |    pointer   |
|m_axi_in_V_WVALID     | out |    1|    m_axi   |            in_V           |    pointer   |
|m_axi_in_V_WREADY     |  in |    1|    m_axi   |            in_V           |    pointer   |
|m_axi_in_V_WDATA      | out |   16|    m_axi   |            in_V           |    pointer   |
|m_axi_in_V_WSTRB      | out |    2|    m_axi   |            in_V           |    pointer   |
|m_axi_in_V_WLAST      | out |    1|    m_axi   |            in_V           |    pointer   |
|m_axi_in_V_WID        | out |    1|    m_axi   |            in_V           |    pointer   |
|m_axi_in_V_WUSER      | out |    1|    m_axi   |            in_V           |    pointer   |
|m_axi_in_V_ARVALID    | out |    1|    m_axi   |            in_V           |    pointer   |
|m_axi_in_V_ARREADY    |  in |    1|    m_axi   |            in_V           |    pointer   |
|m_axi_in_V_ARADDR     | out |   64|    m_axi   |            in_V           |    pointer   |
|m_axi_in_V_ARID       | out |    1|    m_axi   |            in_V           |    pointer   |
|m_axi_in_V_ARLEN      | out |   32|    m_axi   |            in_V           |    pointer   |
|m_axi_in_V_ARSIZE     | out |    3|    m_axi   |            in_V           |    pointer   |
|m_axi_in_V_ARBURST    | out |    2|    m_axi   |            in_V           |    pointer   |
|m_axi_in_V_ARLOCK     | out |    2|    m_axi   |            in_V           |    pointer   |
|m_axi_in_V_ARCACHE    | out |    4|    m_axi   |            in_V           |    pointer   |
|m_axi_in_V_ARPROT     | out |    3|    m_axi   |            in_V           |    pointer   |
|m_axi_in_V_ARQOS      | out |    4|    m_axi   |            in_V           |    pointer   |
|m_axi_in_V_ARREGION   | out |    4|    m_axi   |            in_V           |    pointer   |
|m_axi_in_V_ARUSER     | out |    1|    m_axi   |            in_V           |    pointer   |
|m_axi_in_V_RVALID     |  in |    1|    m_axi   |            in_V           |    pointer   |
|m_axi_in_V_RREADY     | out |    1|    m_axi   |            in_V           |    pointer   |
|m_axi_in_V_RDATA      |  in |   16|    m_axi   |            in_V           |    pointer   |
|m_axi_in_V_RLAST      |  in |    1|    m_axi   |            in_V           |    pointer   |
|m_axi_in_V_RID        |  in |    1|    m_axi   |            in_V           |    pointer   |
|m_axi_in_V_RUSER      |  in |    1|    m_axi   |            in_V           |    pointer   |
|m_axi_in_V_RRESP      |  in |    2|    m_axi   |            in_V           |    pointer   |
|m_axi_in_V_BVALID     |  in |    1|    m_axi   |            in_V           |    pointer   |
|m_axi_in_V_BREADY     | out |    1|    m_axi   |            in_V           |    pointer   |
|m_axi_in_V_BRESP      |  in |    2|    m_axi   |            in_V           |    pointer   |
|m_axi_in_V_BID        |  in |    1|    m_axi   |            in_V           |    pointer   |
|m_axi_in_V_BUSER      |  in |    1|    m_axi   |            in_V           |    pointer   |
|in_V_offset           |  in |   64|   ap_none  |        in_V_offset        |    scalar    |
|in_weights1_V_offset  |  in |   64|   ap_none  |    in_weights1_V_offset   |    scalar    |
|in_weights2_V_offset  |  in |   64|   ap_none  |    in_weights2_V_offset   |    scalar    |
|out_V_offset          |  in |   64|   ap_none  |        out_V_offset       |    scalar    |
|in_weights3_V_offset  |  in |   64|   ap_none  |    in_weights3_V_offset   |    scalar    |
|in_weights4_V_offset  |  in |   64|   ap_none  |    in_weights4_V_offset   |    scalar    |
|in_weights5_V_offset  |  in |   64|   ap_none  |    in_weights5_V_offset   |    scalar    |
|in_weights6_V_offset  |  in |   64|   ap_none  |    in_weights6_V_offset   |    scalar    |
|in_weights7_V_offset  |  in |   64|   ap_none  |    in_weights7_V_offset   |    scalar    |
|in_weights8_V_offset  |  in |   64|   ap_none  |    in_weights8_V_offset   |    scalar    |
|in_weights9_V_offset  |  in |   64|   ap_none  |    in_weights9_V_offset   |    scalar    |
+----------------------+-----+-----+------------+---------------------------+--------------+

