INFO: [v++ 60-1306] Additional information associated with this v++ link can be found at:
	Reports: /home/YL_HUANG/12_2/alveo_test_single/build_dir.hw.xilinx_u50_xdma_201920_1/reports/link
	Log files: /home/YL_HUANG/12_2/alveo_test_single/build_dir.hw.xilinx_u50_xdma_201920_1/logs/link
INFO: [v++ 60-1548] Creating build summary session with primary output /home/YL_HUANG/12_2/alveo_test_single/build_dir.hw.xilinx_u50_xdma_201920_1/alveo_hls4ml.xclbin.link_summary, at Wed Nov 30 07:17:59 2022
INFO: [v++ 60-1316] Initiating connection to rulecheck server, at Wed Nov 30 07:17:59 2022
INFO: [v++ 60-1315] Creating rulecheck session with output '/home/YL_HUANG/12_2/alveo_test_single/build_dir.hw.xilinx_u50_xdma_201920_1/reports/link/v++_link_alveo_hls4ml_guidance.html', at Wed Nov 30 07:18:00 2022
INFO: [v++ 60-895]   Target platform: /opt/xilinx/platforms/xilinx_u50_xdma_201920_1/xilinx_u50_xdma_201920_1.xpfm
INFO: [v++ 60-1578]   This platform contains Device Support Archive '/opt/xilinx/platforms/xilinx_u50_xdma_201920_1/hw/xilinx_u50_xdma_201920_1.dsa'
INFO: [v++ 60-629] Linking for hardware target
INFO: [v++ 60-423]   Target device: xilinx_u50_xdma_201920_1
INFO: [v++ 60-1332] Run 'run_link' status: Not started
INFO: [v++ 60-1443] [07:18:06] Run run_link: Step system_link: Started
INFO: [v++ 60-1453] Command Line: system_link --xo /home/YL_HUANG/12_2/alveo_test_single/_x.hw.xilinx_u50_xdma_201920_1/alveo_hls4ml.xo -keep --config /home/YL_HUANG/12_2/alveo_test_single/build_dir.hw.xilinx_u50_xdma_201920_1/link/int/syslinkConfig.ini --xpfm /opt/xilinx/platforms/xilinx_u50_xdma_201920_1/xilinx_u50_xdma_201920_1.xpfm --target hw --output_dir /home/YL_HUANG/12_2/alveo_test_single/build_dir.hw.xilinx_u50_xdma_201920_1/link/int --temp_dir /home/YL_HUANG/12_2/alveo_test_single/build_dir.hw.xilinx_u50_xdma_201920_1/link/sys_link
INFO: [v++ 60-1454] Run Directory: /home/YL_HUANG/12_2/alveo_test_single/build_dir.hw.xilinx_u50_xdma_201920_1/link/run_link
INFO: [SYSTEM_LINK 82-76] Reading emulation BD and HPFM information
INFO: [SYSTEM_LINK 60-1316] Initiating connection to rulecheck server, at Wed Nov 30 07:18:08 2022
INFO: [SYSTEM_LINK 82-70] Extracting xo v3 file /home/YL_HUANG/12_2/alveo_test_single/_x.hw.xilinx_u50_xdma_201920_1/alveo_hls4ml.xo
INFO: [KernelCheck 83-118] 'alveo_hls4ml' kernel.xml and component.xml caseness discrepency is being corrected, S_AXI_CONTROL is being replaced by s_axi_control
INFO: [KernelCheck 83-118] 'in' kernel.xml and component.xml caseness discrepency is being corrected, S_AXI_CONTROL is being replaced by s_axi_control
INFO: [KernelCheck 83-118] 'out' kernel.xml and component.xml caseness discrepency is being corrected, S_AXI_CONTROL is being replaced by s_axi_control
INFO: [SYSTEM_LINK 82-53] Creating IP database /home/YL_HUANG/12_2/alveo_test_single/build_dir.hw.xilinx_u50_xdma_201920_1/link/sys_link/_sysl/.cdb/xd_ip_db.xml
INFO: [SYSTEM_LINK 82-38] [07:18:09] build_xd_ip_db started: /opt/Xilinx/Vitis/2019.2/bin/build_xd_ip_db -ip_search 0  -sds-pf /home/YL_HUANG/12_2/alveo_test_single/build_dir.hw.xilinx_u50_xdma_201920_1/link/sys_link/xilinx_u50_xdma_201920_1.hpfm -clkid 0 -ip /home/YL_HUANG/12_2/alveo_test_single/build_dir.hw.xilinx_u50_xdma_201920_1/link/sys_link/iprepo/xilinx_com_hls_alveo_hls4ml_1_0,alveo_hls4ml -o /home/YL_HUANG/12_2/alveo_test_single/build_dir.hw.xilinx_u50_xdma_201920_1/link/sys_link/_sysl/.cdb/xd_ip_db.xml
INFO: [SYSTEM_LINK 82-37] [07:18:11] build_xd_ip_db finished successfully
Time (s): cpu = 00:00:02 ; elapsed = 00:00:02 . Memory (MB): peak = 279.227 ; gain = 0.000 ; free physical = 40526 ; free virtual = 111264
INFO: [SYSTEM_LINK 82-51] Create system connectivity graph
INFO: [SYSTEM_LINK 82-102] Applying explicit connections to the system connectivity graph: /home/YL_HUANG/12_2/alveo_test_single/build_dir.hw.xilinx_u50_xdma_201920_1/link/sys_link/cfgraph/cfgen_cfgraph.xml
INFO: [SYSTEM_LINK 82-38] [07:18:11] cfgen started: /opt/Xilinx/Vitis/2019.2/bin/cfgen  -sp alveo_hls4ml_1.in:HBM[0] -sp alveo_hls4ml_1.out:HBM[1] -dmclkid 0 -r /home/YL_HUANG/12_2/alveo_test_single/build_dir.hw.xilinx_u50_xdma_201920_1/link/sys_link/_sysl/.cdb/xd_ip_db.xml -o /home/YL_HUANG/12_2/alveo_test_single/build_dir.hw.xilinx_u50_xdma_201920_1/link/sys_link/cfgraph/cfgen_cfgraph.xml
INFO: [CFGEN 83-0] Kernel Specs: 
INFO: [CFGEN 83-0]   kernel: alveo_hls4ml, num: 1  {alveo_hls4ml_1}
INFO: [CFGEN 83-0] Port Specs: 
INFO: [CFGEN 83-0]   kernel: alveo_hls4ml_1, k_port: in, sptag: HBM[0]
INFO: [CFGEN 83-0]   kernel: alveo_hls4ml_1, k_port: out, sptag: HBM[1]
INFO: [CFGEN 83-2228] Creating mapping for argument alveo_hls4ml_1.in to HBM[0] for directive alveo_hls4ml_1.in:HBM[0]
INFO: [CFGEN 83-2228] Creating mapping for argument alveo_hls4ml_1.out to HBM[1] for directive alveo_hls4ml_1.out:HBM[1]
INFO: [SYSTEM_LINK 82-37] [07:18:14] cfgen finished successfully
Time (s): cpu = 00:00:02 ; elapsed = 00:00:02 . Memory (MB): peak = 287.688 ; gain = 0.000 ; free physical = 40528 ; free virtual = 111267
INFO: [SYSTEM_LINK 82-52] Create top-level block diagram
INFO: [SYSTEM_LINK 82-38] [07:18:14] cf2bd started: /opt/Xilinx/Vitis/2019.2/bin/cf2bd  --linux --trace_buffer 1024 --input_file /home/YL_HUANG/12_2/alveo_test_single/build_dir.hw.xilinx_u50_xdma_201920_1/link/sys_link/cfgraph/cfgen_cfgraph.xml --ip_db /home/YL_HUANG/12_2/alveo_test_single/build_dir.hw.xilinx_u50_xdma_201920_1/link/sys_link/_sysl/.cdb/xd_ip_db.xml --cf_name dr --working_dir /home/YL_HUANG/12_2/alveo_test_single/build_dir.hw.xilinx_u50_xdma_201920_1/link/sys_link/_sysl/.xsd --temp_dir /home/YL_HUANG/12_2/alveo_test_single/build_dir.hw.xilinx_u50_xdma_201920_1/link/sys_link --output_dir /home/YL_HUANG/12_2/alveo_test_single/build_dir.hw.xilinx_u50_xdma_201920_1/link/int --target_bd pfm_dynamic.bd
INFO: [CF2BD 82-31] Launching cf2xd: cf2xd -linux -trace-buffer 1024 -i /home/YL_HUANG/12_2/alveo_test_single/build_dir.hw.xilinx_u50_xdma_201920_1/link/sys_link/cfgraph/cfgen_cfgraph.xml -r /home/YL_HUANG/12_2/alveo_test_single/build_dir.hw.xilinx_u50_xdma_201920_1/link/sys_link/_sysl/.cdb/xd_ip_db.xml -o dr.xml
INFO: [CF2BD 82-28] cf2xd finished successfully
INFO: [CF2BD 82-31] Launching cf_xsd: cf_xsd -disable-address-gen -bd pfm_dynamic.bd -dn dr -dp /home/YL_HUANG/12_2/alveo_test_single/build_dir.hw.xilinx_u50_xdma_201920_1/link/sys_link/_sysl/.xsd
INFO: [CF2BD 82-28] cf_xsd finished successfully
INFO: [SYSTEM_LINK 82-37] [07:18:15] cf2bd finished successfully
Time (s): cpu = 00:00:01 ; elapsed = 00:00:02 . Memory (MB): peak = 287.688 ; gain = 0.000 ; free physical = 40519 ; free virtual = 111265
INFO: [v++ 60-1441] [07:18:15] Run run_link: Step system_link: Completed
Time (s): cpu = 00:00:08 ; elapsed = 00:00:09 . Memory (MB): peak = 687.348 ; gain = 0.000 ; free physical = 40537 ; free virtual = 111284
INFO: [v++ 60-1443] [07:18:15] Run run_link: Step cf2sw: Started
INFO: [v++ 60-1453] Command Line: cf2sw -sdsl /home/YL_HUANG/12_2/alveo_test_single/build_dir.hw.xilinx_u50_xdma_201920_1/link/int/sdsl.dat -rtd /home/YL_HUANG/12_2/alveo_test_single/build_dir.hw.xilinx_u50_xdma_201920_1/link/int/cf2sw.rtd -xclbin /home/YL_HUANG/12_2/alveo_test_single/build_dir.hw.xilinx_u50_xdma_201920_1/link/int/xclbin_orig.xml -o /home/YL_HUANG/12_2/alveo_test_single/build_dir.hw.xilinx_u50_xdma_201920_1/link/int/xclbin_orig.1.xml
INFO: [v++ 60-1454] Run Directory: /home/YL_HUANG/12_2/alveo_test_single/build_dir.hw.xilinx_u50_xdma_201920_1/link/run_link
INFO: [v++ 60-1441] [07:18:16] Run run_link: Step cf2sw: Completed
Time (s): cpu = 00:00:00.77 ; elapsed = 00:00:00.85 . Memory (MB): peak = 687.348 ; gain = 0.000 ; free physical = 40539 ; free virtual = 111288
INFO: [v++ 60-1443] [07:18:16] Run run_link: Step rtd2_system_diagram: Started
INFO: [v++ 60-1453] Command Line: rtd2SystemDiagram --rtdJsonFileName /home/YL_HUANG/12_2/alveo_test_single/build_dir.hw.xilinx_u50_xdma_201920_1/link/int/cf2sw.rtd --diagramJsonFileName /home/YL_HUANG/12_2/alveo_test_single/build_dir.hw.xilinx_u50_xdma_201920_1/link/int/systemDiagramModel.json --platformFilePath /opt/xilinx/platforms/xilinx_u50_xdma_201920_1/xilinx_u50_xdma_201920_1.xpfm --generatedByName v++ --generatedByVersion 2019.2 --generatedByChangeList 2708876 --generatedByTimeStamp Wed Nov  6 21:39:14 MST 2019 --generatedByOptions /opt/Xilinx/Vitis/2019.2/bin/unwrapped/lnx64.o/v++ -t hw --platform xilinx_u50_xdma_201920_1 --save-temps --temp_dir ./build_dir.hw.xilinx_u50_xdma_201920_1 -l -obuild_dir.hw.xilinx_u50_xdma_201920_1/alveo_hls4ml.xclbin _x.hw.xilinx_u50_xdma_201920_1/alveo_hls4ml.xo --config config.ini --kernel_frequency 200  --generatedByXclbinName alveo_hls4ml --kernelInfoDataFileName /home/YL_HUANG/12_2/alveo_test_single/build_dir.hw.xilinx_u50_xdma_201920_1/link/int/kernel_info.dat
INFO: [v++ 60-1454] Run Directory: /home/YL_HUANG/12_2/alveo_test_single/build_dir.hw.xilinx_u50_xdma_201920_1/link/run_link
INFO: [v++ 60-839] Read in kernel information from file '/home/YL_HUANG/12_2/alveo_test_single/build_dir.hw.xilinx_u50_xdma_201920_1/link/int/kernel_info.dat'.
WARNING: [v++ 82-157] Unable to populate kernel available resources BRAM entry.
WARNING: [v++ 82-158] Unable to populate kernel available resources DSP entry.
INFO: [v++ 60-1441] [07:18:18] Run run_link: Step rtd2_system_diagram: Completed
Time (s): cpu = 00:00:01 ; elapsed = 00:00:02 . Memory (MB): peak = 687.348 ; gain = 0.000 ; free physical = 40537 ; free virtual = 111286
INFO: [v++ 60-1443] [07:18:18] Run run_link: Step vpl: Started
INFO: [v++ 60-1453] Command Line: vpl -t hw -f xilinx_u50_xdma_201920_1 --kernel_frequency 200 -s --output_dir /home/YL_HUANG/12_2/alveo_test_single/build_dir.hw.xilinx_u50_xdma_201920_1/link/int --log_dir /home/YL_HUANG/12_2/alveo_test_single/build_dir.hw.xilinx_u50_xdma_201920_1/logs/link --report_dir /home/YL_HUANG/12_2/alveo_test_single/build_dir.hw.xilinx_u50_xdma_201920_1/reports/link --config /home/YL_HUANG/12_2/alveo_test_single/build_dir.hw.xilinx_u50_xdma_201920_1/link/int/vplConfig.ini -k /home/YL_HUANG/12_2/alveo_test_single/build_dir.hw.xilinx_u50_xdma_201920_1/link/int/kernel_info.dat --webtalk_flag Vitis --temp_dir /home/YL_HUANG/12_2/alveo_test_single/build_dir.hw.xilinx_u50_xdma_201920_1/link --no-info --tlog_dir /home/YL_HUANG/12_2/alveo_test_single/build_dir.hw.xilinx_u50_xdma_201920_1/.tlog/v++_link_alveo_hls4ml --iprepo /home/YL_HUANG/12_2/alveo_test_single/build_dir.hw.xilinx_u50_xdma_201920_1/link/int/xo/ip_repo/xilinx_com_hls_alveo_hls4ml_1_0 --messageDb /home/YL_HUANG/12_2/alveo_test_single/build_dir.hw.xilinx_u50_xdma_201920_1/link/run_link/vpl.pb /home/YL_HUANG/12_2/alveo_test_single/build_dir.hw.xilinx_u50_xdma_201920_1/link/int/dr.bd.tcl
INFO: [v++ 60-1454] Run Directory: /home/YL_HUANG/12_2/alveo_test_single/build_dir.hw.xilinx_u50_xdma_201920_1/link/run_link

****** vpl v2019.2 (64-bit)
  **** SW Build 2708876 on Wed Nov  6 21:39:14 MST 2019
    ** Copyright 1986-2019 Xilinx, Inc. All Rights Reserved.

INFO: [VPL 60-839] Read in kernel information from file '/home/YL_HUANG/12_2/alveo_test_single/build_dir.hw.xilinx_u50_xdma_201920_1/link/int/kernel_info.dat'.
INFO: [VPL 60-423]   Target device: xilinx_u50_xdma_201920_1
INFO: [VPL 60-1032] Extracting hardware platform to /home/YL_HUANG/12_2/alveo_test_single/build_dir.hw.xilinx_u50_xdma_201920_1/link/vivado/vpl/.local/hw_platform
[07:18:42] Run vpl: Step create_project: Started
Creating Vivado project.
[07:18:46] Run vpl: Step create_project: Completed
[07:18:46] Run vpl: Step create_bd: Started
[07:20:03] Run vpl: Step create_bd: RUNNING...
[07:20:18] Run vpl: Step create_bd: Completed
[07:20:18] Run vpl: Step update_bd: Started
[07:20:19] Run vpl: Step update_bd: Completed
[07:20:19] Run vpl: Step generate_target: Started
[07:21:13] Run vpl: Step generate_target: Completed
[07:21:13] Run vpl: Step config_hw_runs: Started
[07:21:21] Run vpl: Step config_hw_runs: Completed
[07:21:21] Run vpl: Step synth: Started
[07:21:52] Block-level synthesis in progress, 0 of 58 jobs complete, 8 jobs running.
[07:22:23] Block-level synthesis in progress, 0 of 58 jobs complete, 8 jobs running.
[07:22:54] Block-level synthesis in progress, 0 of 58 jobs complete, 8 jobs running.
[07:23:24] Block-level synthesis in progress, 0 of 58 jobs complete, 8 jobs running.
[07:23:54] Block-level synthesis in progress, 0 of 58 jobs complete, 8 jobs running.
[07:24:24] Block-level synthesis in progress, 0 of 58 jobs complete, 8 jobs running.
[07:24:55] Block-level synthesis in progress, 7 of 58 jobs complete, 7 jobs running.
[07:25:25] Block-level synthesis in progress, 9 of 58 jobs complete, 7 jobs running.
[07:25:56] Block-level synthesis in progress, 9 of 58 jobs complete, 8 jobs running.
[07:26:26] Block-level synthesis in progress, 9 of 58 jobs complete, 8 jobs running.
[07:26:57] Block-level synthesis in progress, 9 of 58 jobs complete, 8 jobs running.
[07:27:27] Block-level synthesis in progress, 10 of 58 jobs complete, 7 jobs running.
[07:27:58] Block-level synthesis in progress, 13 of 58 jobs complete, 7 jobs running.
[07:28:28] Block-level synthesis in progress, 18 of 58 jobs complete, 4 jobs running.
[07:28:59] Block-level synthesis in progress, 18 of 58 jobs complete, 8 jobs running.
[07:29:29] Block-level synthesis in progress, 19 of 58 jobs complete, 8 jobs running.
[07:30:00] Block-level synthesis in progress, 19 of 58 jobs complete, 8 jobs running.
[07:30:30] Block-level synthesis in progress, 21 of 58 jobs complete, 6 jobs running.
[07:31:01] Block-level synthesis in progress, 21 of 58 jobs complete, 8 jobs running.
[07:31:31] Block-level synthesis in progress, 25 of 58 jobs complete, 5 jobs running.
[07:32:02] Block-level synthesis in progress, 26 of 58 jobs complete, 8 jobs running.
[07:32:32] Block-level synthesis in progress, 29 of 58 jobs complete, 7 jobs running.
[07:33:03] Block-level synthesis in progress, 30 of 58 jobs complete, 7 jobs running.
[07:33:33] Block-level synthesis in progress, 31 of 58 jobs complete, 7 jobs running.
[07:34:04] Block-level synthesis in progress, 33 of 58 jobs complete, 6 jobs running.
[07:34:34] Block-level synthesis in progress, 36 of 58 jobs complete, 6 jobs running.
[07:35:05] Block-level synthesis in progress, 40 of 58 jobs complete, 6 jobs running.
[07:35:35] Block-level synthesis in progress, 40 of 58 jobs complete, 8 jobs running.
[07:36:06] Block-level synthesis in progress, 41 of 58 jobs complete, 7 jobs running.
[07:36:36] Block-level synthesis in progress, 42 of 58 jobs complete, 7 jobs running.
[07:37:07] Block-level synthesis in progress, 43 of 58 jobs complete, 7 jobs running.
[07:37:38] Block-level synthesis in progress, 45 of 58 jobs complete, 6 jobs running.
[07:38:08] Block-level synthesis in progress, 49 of 58 jobs complete, 5 jobs running.
[07:38:39] Block-level synthesis in progress, 49 of 58 jobs complete, 8 jobs running.
[07:39:09] Block-level synthesis in progress, 50 of 58 jobs complete, 7 jobs running.
[07:39:40] Block-level synthesis in progress, 51 of 58 jobs complete, 6 jobs running.
[07:40:11] Block-level synthesis in progress, 51 of 58 jobs complete, 6 jobs running.
[07:40:41] Block-level synthesis in progress, 53 of 58 jobs complete, 4 jobs running.
[07:41:12] Block-level synthesis in progress, 56 of 58 jobs complete, 2 jobs running.
[07:41:42] Block-level synthesis in progress, 57 of 58 jobs complete, 1 job running.
[07:42:13] Block-level synthesis in progress, 57 of 58 jobs complete, 1 job running.
[07:42:43] Block-level synthesis in progress, 57 of 58 jobs complete, 1 job running.
[07:43:14] Block-level synthesis in progress, 57 of 58 jobs complete, 1 job running.
[07:43:44] Block-level synthesis in progress, 57 of 58 jobs complete, 1 job running.
[07:44:15] Block-level synthesis in progress, 57 of 58 jobs complete, 1 job running.
[07:44:45] Block-level synthesis in progress, 57 of 58 jobs complete, 1 job running.
[07:45:16] Block-level synthesis in progress, 57 of 58 jobs complete, 1 job running.
[07:45:47] Block-level synthesis in progress, 57 of 58 jobs complete, 1 job running.
[07:46:18] Block-level synthesis in progress, 57 of 58 jobs complete, 1 job running.
[07:46:48] Block-level synthesis in progress, 57 of 58 jobs complete, 1 job running.
[07:47:19] Block-level synthesis in progress, 57 of 58 jobs complete, 1 job running.
[07:47:50] Block-level synthesis in progress, 57 of 58 jobs complete, 1 job running.
[07:48:20] Block-level synthesis in progress, 57 of 58 jobs complete, 1 job running.
[07:48:51] Block-level synthesis in progress, 57 of 58 jobs complete, 1 job running.
[07:49:22] Block-level synthesis in progress, 57 of 58 jobs complete, 1 job running.
[07:49:53] Block-level synthesis in progress, 57 of 58 jobs complete, 1 job running.
[07:50:23] Block-level synthesis in progress, 57 of 58 jobs complete, 1 job running.
[07:50:54] Block-level synthesis in progress, 57 of 58 jobs complete, 1 job running.
[07:51:25] Block-level synthesis in progress, 57 of 58 jobs complete, 1 job running.
[07:51:55] Block-level synthesis in progress, 57 of 58 jobs complete, 1 job running.
[07:52:26] Block-level synthesis in progress, 57 of 58 jobs complete, 1 job running.
[07:52:57] Block-level synthesis in progress, 57 of 58 jobs complete, 1 job running.
[07:53:28] Block-level synthesis in progress, 57 of 58 jobs complete, 1 job running.
[07:53:59] Block-level synthesis in progress, 57 of 58 jobs complete, 1 job running.
[07:54:30] Block-level synthesis in progress, 57 of 58 jobs complete, 1 job running.
[07:55:01] Block-level synthesis in progress, 57 of 58 jobs complete, 1 job running.
[07:55:31] Block-level synthesis in progress, 57 of 58 jobs complete, 1 job running.
[07:56:02] Block-level synthesis in progress, 57 of 58 jobs complete, 1 job running.
[07:56:33] Block-level synthesis in progress, 57 of 58 jobs complete, 1 job running.
[07:57:04] Block-level synthesis in progress, 57 of 58 jobs complete, 1 job running.
[07:57:35] Block-level synthesis in progress, 57 of 58 jobs complete, 1 job running.
[07:58:06] Block-level synthesis in progress, 57 of 58 jobs complete, 1 job running.
[07:58:37] Block-level synthesis in progress, 57 of 58 jobs complete, 1 job running.
[07:59:08] Block-level synthesis in progress, 57 of 58 jobs complete, 1 job running.
[07:59:39] Block-level synthesis in progress, 57 of 58 jobs complete, 1 job running.
[08:00:10] Block-level synthesis in progress, 57 of 58 jobs complete, 1 job running.
[08:00:41] Block-level synthesis in progress, 57 of 58 jobs complete, 1 job running.
[08:01:12] Block-level synthesis in progress, 57 of 58 jobs complete, 1 job running.
[08:01:43] Block-level synthesis in progress, 57 of 58 jobs complete, 1 job running.
[08:02:14] Block-level synthesis in progress, 57 of 58 jobs complete, 1 job running.
[08:02:45] Block-level synthesis in progress, 57 of 58 jobs complete, 1 job running.
[08:03:16] Block-level synthesis in progress, 57 of 58 jobs complete, 1 job running.
[08:03:48] Block-level synthesis in progress, 57 of 58 jobs complete, 1 job running.
[08:04:19] Block-level synthesis in progress, 57 of 58 jobs complete, 1 job running.
[08:04:50] Block-level synthesis in progress, 57 of 58 jobs complete, 1 job running.
[08:05:21] Block-level synthesis in progress, 57 of 58 jobs complete, 1 job running.
[08:05:52] Block-level synthesis in progress, 57 of 58 jobs complete, 1 job running.
[08:06:23] Block-level synthesis in progress, 57 of 58 jobs complete, 1 job running.
[08:06:54] Block-level synthesis in progress, 57 of 58 jobs complete, 1 job running.
[08:07:25] Block-level synthesis in progress, 57 of 58 jobs complete, 1 job running.
[08:07:56] Block-level synthesis in progress, 57 of 58 jobs complete, 1 job running.
[08:08:27] Block-level synthesis in progress, 57 of 58 jobs complete, 1 job running.
[08:08:58] Block-level synthesis in progress, 57 of 58 jobs complete, 1 job running.
[08:09:29] Block-level synthesis in progress, 57 of 58 jobs complete, 1 job running.
[08:10:00] Block-level synthesis in progress, 57 of 58 jobs complete, 1 job running.
[08:10:32] Block-level synthesis in progress, 57 of 58 jobs complete, 1 job running.
[08:11:03] Block-level synthesis in progress, 57 of 58 jobs complete, 1 job running.
[08:11:34] Block-level synthesis in progress, 57 of 58 jobs complete, 1 job running.
[08:12:05] Block-level synthesis in progress, 57 of 58 jobs complete, 1 job running.
[08:12:36] Block-level synthesis in progress, 57 of 58 jobs complete, 1 job running.
[08:13:07] Block-level synthesis in progress, 57 of 58 jobs complete, 1 job running.
[08:13:37] Block-level synthesis in progress, 57 of 58 jobs complete, 1 job running.
[08:14:08] Block-level synthesis in progress, 57 of 58 jobs complete, 1 job running.
[08:14:39] Block-level synthesis in progress, 57 of 58 jobs complete, 1 job running.
[08:15:10] Block-level synthesis in progress, 57 of 58 jobs complete, 1 job running.
[08:15:41] Block-level synthesis in progress, 57 of 58 jobs complete, 1 job running.
[08:16:12] Block-level synthesis in progress, 57 of 58 jobs complete, 1 job running.
[08:16:43] Block-level synthesis in progress, 57 of 58 jobs complete, 1 job running.
[08:17:14] Block-level synthesis in progress, 57 of 58 jobs complete, 1 job running.
[08:17:45] Block-level synthesis in progress, 57 of 58 jobs complete, 1 job running.
[08:18:15] Block-level synthesis in progress, 57 of 58 jobs complete, 1 job running.
[08:18:46] Block-level synthesis in progress, 57 of 58 jobs complete, 1 job running.
[08:19:17] Block-level synthesis in progress, 57 of 58 jobs complete, 1 job running.
[08:19:48] Block-level synthesis in progress, 57 of 58 jobs complete, 1 job running.
[08:20:19] Block-level synthesis in progress, 57 of 58 jobs complete, 1 job running.
[08:20:50] Block-level synthesis in progress, 57 of 58 jobs complete, 1 job running.
[08:21:21] Block-level synthesis in progress, 57 of 58 jobs complete, 1 job running.
[08:21:52] Block-level synthesis in progress, 57 of 58 jobs complete, 1 job running.
[08:22:23] Block-level synthesis in progress, 57 of 58 jobs complete, 1 job running.
[08:22:53] Block-level synthesis in progress, 57 of 58 jobs complete, 1 job running.
[08:23:24] Block-level synthesis in progress, 57 of 58 jobs complete, 1 job running.
[08:23:55] Block-level synthesis in progress, 57 of 58 jobs complete, 1 job running.
[08:24:26] Block-level synthesis in progress, 57 of 58 jobs complete, 1 job running.
[08:24:57] Block-level synthesis in progress, 57 of 58 jobs complete, 1 job running.
[08:25:28] Block-level synthesis in progress, 57 of 58 jobs complete, 1 job running.
[08:25:59] Block-level synthesis in progress, 57 of 58 jobs complete, 1 job running.
[08:26:30] Block-level synthesis in progress, 57 of 58 jobs complete, 1 job running.
[08:27:01] Block-level synthesis in progress, 57 of 58 jobs complete, 1 job running.
[08:27:31] Block-level synthesis in progress, 57 of 58 jobs complete, 1 job running.
[08:28:02] Block-level synthesis in progress, 57 of 58 jobs complete, 1 job running.
[08:28:33] Block-level synthesis in progress, 57 of 58 jobs complete, 1 job running.
[08:29:04] Block-level synthesis in progress, 57 of 58 jobs complete, 1 job running.
[08:29:35] Block-level synthesis in progress, 57 of 58 jobs complete, 1 job running.
[08:30:06] Block-level synthesis in progress, 57 of 58 jobs complete, 1 job running.
[08:30:37] Block-level synthesis in progress, 57 of 58 jobs complete, 1 job running.
[08:31:08] Block-level synthesis in progress, 57 of 58 jobs complete, 1 job running.
[08:31:38] Block-level synthesis in progress, 57 of 58 jobs complete, 1 job running.
[08:32:09] Block-level synthesis in progress, 57 of 58 jobs complete, 1 job running.
[08:32:40] Block-level synthesis in progress, 57 of 58 jobs complete, 1 job running.
[08:33:11] Block-level synthesis in progress, 57 of 58 jobs complete, 1 job running.
[08:33:42] Block-level synthesis in progress, 57 of 58 jobs complete, 1 job running.
[08:34:13] Block-level synthesis in progress, 57 of 58 jobs complete, 1 job running.
[08:34:44] Block-level synthesis in progress, 57 of 58 jobs complete, 1 job running.
[08:35:15] Block-level synthesis in progress, 57 of 58 jobs complete, 1 job running.
[08:35:46] Block-level synthesis in progress, 57 of 58 jobs complete, 1 job running.
[08:36:16] Block-level synthesis in progress, 57 of 58 jobs complete, 1 job running.
[08:36:47] Block-level synthesis in progress, 57 of 58 jobs complete, 1 job running.
[08:37:18] Block-level synthesis in progress, 57 of 58 jobs complete, 1 job running.
[08:37:49] Block-level synthesis in progress, 57 of 58 jobs complete, 1 job running.
[08:38:20] Block-level synthesis in progress, 57 of 58 jobs complete, 1 job running.
[08:38:51] Block-level synthesis in progress, 57 of 58 jobs complete, 1 job running.
[08:39:22] Block-level synthesis in progress, 57 of 58 jobs complete, 1 job running.
[08:39:53] Block-level synthesis in progress, 57 of 58 jobs complete, 1 job running.
[08:40:24] Block-level synthesis in progress, 57 of 58 jobs complete, 1 job running.
[08:40:54] Block-level synthesis in progress, 57 of 58 jobs complete, 1 job running.
[08:41:25] Block-level synthesis in progress, 57 of 58 jobs complete, 1 job running.
[08:41:56] Block-level synthesis in progress, 57 of 58 jobs complete, 1 job running.
[08:42:27] Block-level synthesis in progress, 57 of 58 jobs complete, 1 job running.
[08:42:58] Block-level synthesis in progress, 57 of 58 jobs complete, 1 job running.
[08:43:29] Block-level synthesis in progress, 57 of 58 jobs complete, 1 job running.
[08:44:00] Block-level synthesis in progress, 57 of 58 jobs complete, 1 job running.
[08:44:31] Block-level synthesis in progress, 57 of 58 jobs complete, 1 job running.
[08:45:02] Block-level synthesis in progress, 57 of 58 jobs complete, 1 job running.
[08:45:33] Block-level synthesis in progress, 57 of 58 jobs complete, 1 job running.
[08:46:04] Block-level synthesis in progress, 57 of 58 jobs complete, 1 job running.
[08:46:35] Block-level synthesis in progress, 57 of 58 jobs complete, 1 job running.
[08:47:06] Block-level synthesis in progress, 57 of 58 jobs complete, 1 job running.
[08:47:37] Block-level synthesis in progress, 57 of 58 jobs complete, 1 job running.
[08:48:08] Block-level synthesis in progress, 57 of 58 jobs complete, 1 job running.
[08:48:39] Block-level synthesis in progress, 57 of 58 jobs complete, 1 job running.
[08:49:10] Block-level synthesis in progress, 57 of 58 jobs complete, 1 job running.
[08:49:42] Block-level synthesis in progress, 57 of 58 jobs complete, 1 job running.
[08:50:13] Block-level synthesis in progress, 57 of 58 jobs complete, 1 job running.
[08:50:44] Block-level synthesis in progress, 57 of 58 jobs complete, 1 job running.
[08:51:15] Block-level synthesis in progress, 57 of 58 jobs complete, 1 job running.
[08:51:46] Block-level synthesis in progress, 57 of 58 jobs complete, 1 job running.
[08:52:17] Block-level synthesis in progress, 57 of 58 jobs complete, 1 job running.
[08:52:48] Block-level synthesis in progress, 57 of 58 jobs complete, 1 job running.
[08:53:19] Block-level synthesis in progress, 57 of 58 jobs complete, 1 job running.
[08:53:50] Block-level synthesis in progress, 57 of 58 jobs complete, 1 job running.
[08:54:21] Block-level synthesis in progress, 57 of 58 jobs complete, 1 job running.
[08:54:52] Block-level synthesis in progress, 57 of 58 jobs complete, 1 job running.
[08:55:23] Block-level synthesis in progress, 58 of 58 jobs complete, 0 jobs running.
[08:55:54] Top-level synthesis in progress.
[08:56:25] Top-level synthesis in progress.
[08:56:56] Top-level synthesis in progress.
[08:57:27] Top-level synthesis in progress.
[08:57:58] Top-level synthesis in progress.
[08:58:00] Run vpl: Step synth: Completed
[08:58:00] Run vpl: Step impl: Started
[09:14:00] Finished 2nd of 6 tasks (FPGA linking synthesized kernels to platform). Elapsed time: 01h 55m 40s 

[09:14:00] Starting logic optimization..
[09:15:02] Phase 1 Generate And Synthesize Debug Cores
[09:18:08] Phase 2 Retarget
[09:18:39] Phase 3 Constant propagation
[09:18:39] Phase 4 Sweep
[09:19:41] Phase 5 BUFG optimization
[09:20:43] Phase 6 Shift Register Optimization
[09:21:14] Phase 7 Post Processing Netlist
[09:22:47] Finished 3rd of 6 tasks (FPGA logic optimization). Elapsed time: 00h 08m 46s 

[09:22:47] Starting logic placement..
[09:23:49] Phase 1 Placer Initialization
[09:23:49] Phase 1.1 Placer Initialization Netlist Sorting
[09:25:52] Phase 1.2 IO Placement/ Clock Placement/ Build Placer Device
[09:28:27] Phase 1.3 Build Placer Netlist Model
[09:33:06] Phase 1.4 Constrain Clocks/Macros
[09:33:37] Phase 2 Global Placement
[09:33:37] Phase 2.1 Floorplanning
[09:39:19] Phase 2.2 Global Placement Core
[09:50:14] Phase 2.2.1 Physical Synthesis In Placer
[10:03:14] Phase 3 Detail Placement
[10:03:14] Phase 3.1 Commit Multi Column Macros
[10:03:45] Phase 3.2 Commit Most Macros & LUTRAMs
[10:08:26] Phase 3.3 Area Swap Optimization
[10:08:58] Phase 3.4 Pipeline Register Optimization
[10:09:29] Phase 3.5 IO Cut Optimizer
[10:09:29] Phase 3.6 Fast Optimization
[10:11:02] Phase 3.7 Small Shape DP
[10:11:02] Phase 3.7.1 Small Shape Clustering
[10:12:05] Phase 3.7.2 Flow Legalize Slice Clusters
[10:12:05] Phase 3.7.3 Slice Area Swap
[10:13:07] Phase 3.7.4 Commit Slice Clusters
[10:13:39] Phase 3.8 Place Remaining
[10:13:39] Phase 3.9 Re-assign LUT pins
[10:14:41] Phase 3.10 Pipeline Register Optimization
[10:14:41] Phase 3.11 Fast Optimization
[10:17:49] Phase 4 Post Placement Optimization and Clean-Up
[10:17:49] Phase 4.1 Post Commit Optimization
[10:20:57] Phase 4.1.1 Post Placement Optimization
[10:20:57] Phase 4.1.1.1 BUFG Insertion
[10:25:37] Phase 4.1.1.2 BUFG Replication
[10:28:44] Phase 4.1.1.3 Replication
[10:29:46] Phase 4.2 Post Placement Cleanup
[10:31:51] Phase 4.3 Placer Reporting
[10:31:51] Phase 4.4 Final Placement Cleanup
[10:52:07] Finished 4th of 6 tasks (FPGA logic placement). Elapsed time: 01h 29m 20s 

[10:52:07] Starting logic routing..
[10:53:41] Phase 1 Build RT Design
[10:58:22] Phase 2 Router Initialization
[10:58:22] Phase 2.1 Fix Topology Constraints
[10:58:22] Phase 2.2 Pre Route Cleanup
[10:58:53] Phase 2.3 Global Clock Net Routing
[11:00:27] Phase 2.4 Update Timing
[11:06:42] Phase 2.5 Update Timing for Bus Skew
[11:06:42] Phase 2.5.1 Update Timing
[11:08:47] Phase 3 Initial Routing
[11:08:47] Phase 3.1 Global Routing
[11:13:58] Phase 4 Rip-up And Reroute
[11:13:58] Phase 4.1 Global Iteration 0
[12:00:34] Phase 4.2 Global Iteration 1
[12:09:27] Phase 4.3 Global Iteration 2
[12:20:22] Phase 4.4 Global Iteration 3
[12:28:40] Phase 4.5 Global Iteration 4
[12:41:08] Phase 4.6 Global Iteration 5
[12:48:55] Phase 4.7 Global Iteration 6
[12:51:32] Phase 5 Delay and Skew Optimization
[12:51:32] Phase 5.1 Delay CleanUp
[12:52:03] Phase 5.1.1 Update Timing
[12:54:08] Phase 5.1.2 Update Timing
[12:56:13] Phase 5.2 Clock Skew Optimization
[12:56:45] Phase 6 Post Hold Fix
[12:56:45] Phase 6.1 Hold Fix Iter
[12:56:45] Phase 6.1.1 Update Timing
[12:58:50] Phase 7 Leaf Clock Prog Delay Opt
[13:05:06] Phase 7.1 Delay CleanUp
[13:05:06] Phase 7.1.1 Update Timing
[13:07:11] Phase 7.1.2 Update Timing
[13:09:17] Phase 7.2 Hold Fix Iter
[13:09:17] Phase 7.2.1 Update Timing
[13:14:29] Phase 8 Route finalize
[13:15:00] Phase 9 Verifying routed nets
[13:15:31] Phase 10 Depositing Routes
[13:16:34] Phase 11 Post Router Timing
[13:18:39] Phase 12 Physical Synthesis in Router
[13:18:39] Phase 12.1 Physical Synthesis Initialization
[13:21:17] Phase 12.2 Critical Path Optimization
[13:22:51] Finished 5th of 6 tasks (FPGA routing). Elapsed time: 02h 30m 43s 

[13:22:51] Starting bitstream generation..
[13:41:07] Creating bitmap...
[13:49:28] Writing bitstream ./pfm_top_i_L1_L1_URP_my_rm_partial.bit...
[13:49:28] Finished 6th of 6 tasks (FPGA bitstream generation). Elapsed time: 00h 26m 37s 
[13:50:03] Run vpl: Step impl: Completed
[13:50:04] Run vpl: FINISHED. Run Status: impl Complete!
INFO: [v++ 60-1441] [13:50:05] Run run_link: Step vpl: Completed
Time (s): cpu = 00:12:37 ; elapsed = 06:31:47 . Memory (MB): peak = 687.348 ; gain = 0.000 ; free physical = 55569 ; free virtual = 98190
INFO: [v++ 60-1443] [13:50:05] Run run_link: Step rtdgen: Started
INFO: [v++ 60-1453] Command Line: rtdgen
INFO: [v++ 60-1454] Run Directory: /home/YL_HUANG/12_2/alveo_test_single/build_dir.hw.xilinx_u50_xdma_201920_1/link/run_link
INFO: [v++ 60-991] clock name 'clkwiz_kernel2_clk_out1' (clock ID '1') is being mapped to clock name 'KERNEL_CLK' in the xclbin
INFO: [v++ 60-991] clock name 'clkwiz_kernel_clk_out1' (clock ID '0') is being mapped to clock name 'DATA_CLK' in the xclbin
INFO: [v++ 60-1230] The compiler selected the following frequencies for the runtime controllable kernel clock(s) and scalable system clock(s): Kernel (KERNEL) clock: clkwiz_kernel2_clk_out1 = 500, Kernel (DATA) clock: clkwiz_kernel_clk_out1 = 177
INFO: [v++ 60-1453] Command Line: cf2sw -a /home/YL_HUANG/12_2/alveo_test_single/build_dir.hw.xilinx_u50_xdma_201920_1/link/int/address_map.xml -sdsl /home/YL_HUANG/12_2/alveo_test_single/build_dir.hw.xilinx_u50_xdma_201920_1/link/int/sdsl.dat -xclbin /home/YL_HUANG/12_2/alveo_test_single/build_dir.hw.xilinx_u50_xdma_201920_1/link/int/xclbin_orig.xml -rtd /home/YL_HUANG/12_2/alveo_test_single/build_dir.hw.xilinx_u50_xdma_201920_1/link/int/alveo_hls4ml.rtd -o /home/YL_HUANG/12_2/alveo_test_single/build_dir.hw.xilinx_u50_xdma_201920_1/link/int/alveo_hls4ml.xml
INFO: [v++ 60-1618] Launching 
INFO: [v++ 60-1441] [13:50:07] Run run_link: Step rtdgen: Completed
Time (s): cpu = 00:00:02 ; elapsed = 00:00:02 . Memory (MB): peak = 687.348 ; gain = 0.000 ; free physical = 55571 ; free virtual = 98190
INFO: [v++ 60-1443] [13:50:07] Run run_link: Step xclbinutil: Started
INFO: [v++ 60-1453] Command Line: xclbinutil --add-section BITSTREAM:RAW:/home/YL_HUANG/12_2/alveo_test_single/build_dir.hw.xilinx_u50_xdma_201920_1/link/int/partial.bit --force --key-value SYS:mode:hw_pr --add-section :JSON:/home/YL_HUANG/12_2/alveo_test_single/build_dir.hw.xilinx_u50_xdma_201920_1/link/int/alveo_hls4ml.rtd --append-section :JSON:/home/YL_HUANG/12_2/alveo_test_single/build_dir.hw.xilinx_u50_xdma_201920_1/link/int/appendSection.rtd --add-section CLOCK_FREQ_TOPOLOGY:JSON:/home/YL_HUANG/12_2/alveo_test_single/build_dir.hw.xilinx_u50_xdma_201920_1/link/int/alveo_hls4ml_xml.rtd --add-section BUILD_METADATA:JSON:/home/YL_HUANG/12_2/alveo_test_single/build_dir.hw.xilinx_u50_xdma_201920_1/link/int/alveo_hls4ml_build.rtd --add-section EMBEDDED_METADATA:RAW:/home/YL_HUANG/12_2/alveo_test_single/build_dir.hw.xilinx_u50_xdma_201920_1/link/int/alveo_hls4ml.xml --add-section SYSTEM_METADATA:RAW:/home/YL_HUANG/12_2/alveo_test_single/build_dir.hw.xilinx_u50_xdma_201920_1/link/int/systemDiagramModelSlrBaseAddress.json --output /home/YL_HUANG/12_2/alveo_test_single/build_dir.hw.xilinx_u50_xdma_201920_1/link/int/alveo_hls4ml.xclbin
INFO: [v++ 60-1454] Run Directory: /home/YL_HUANG/12_2/alveo_test_single/build_dir.hw.xilinx_u50_xdma_201920_1/link/run_link
XRT Build Version: 2.3.1301
       Build Date: 2019-10-25 03:04:42
          Hash ID: 192e706aea53163a04c574f9b3fe9ed76b6ca471
Creating a default 'in-memory' xclbin image.

Section: 'BITSTREAM'(0) was successfully added.
Size   : 53728902 bytes
Format : RAW
File   : '/home/YL_HUANG/12_2/alveo_test_single/build_dir.hw.xilinx_u50_xdma_201920_1/link/int/partial.bit'

Section: 'MEM_TOPOLOGY'(6) was successfully added.
Format : JSON
File   : 'mem_topology'

Section: 'IP_LAYOUT'(8) was successfully added.
Format : JSON
File   : 'ip_layout'

Section: 'CONNECTIVITY'(7) was successfully added.
Format : JSON
File   : 'connectivity'

Section: 'CLOCK_FREQ_TOPOLOGY'(11) was successfully added.
Size   : 274 bytes
Format : JSON
File   : '/home/YL_HUANG/12_2/alveo_test_single/build_dir.hw.xilinx_u50_xdma_201920_1/link/int/alveo_hls4ml_xml.rtd'

Section: 'BUILD_METADATA'(14) was successfully added.
Size   : 2802 bytes
Format : JSON
File   : '/home/YL_HUANG/12_2/alveo_test_single/build_dir.hw.xilinx_u50_xdma_201920_1/link/int/alveo_hls4ml_build.rtd'

Section: 'EMBEDDED_METADATA'(2) was successfully added.
Size   : 22564 bytes
Format : RAW
File   : '/home/YL_HUANG/12_2/alveo_test_single/build_dir.hw.xilinx_u50_xdma_201920_1/link/int/alveo_hls4ml.xml'

Section: 'SYSTEM_METADATA'(22) was successfully added.
Size   : 10384 bytes
Format : RAW
File   : '/home/YL_HUANG/12_2/alveo_test_single/build_dir.hw.xilinx_u50_xdma_201920_1/link/int/systemDiagramModelSlrBaseAddress.json'

Section: 'IP_LAYOUT'(8) was successfully appended to.
Format : JSON
File   : 'ip_layout'
Successfully wrote (53781895 bytes) to the output file: /home/YL_HUANG/12_2/alveo_test_single/build_dir.hw.xilinx_u50_xdma_201920_1/link/int/alveo_hls4ml.xclbin
Leaving xclbinutil.
INFO: [v++ 60-1441] [13:50:08] Run run_link: Step xclbinutil: Completed
Time (s): cpu = 00:00:00 ; elapsed = 00:00:00.13 . Memory (MB): peak = 687.348 ; gain = 0.000 ; free physical = 55518 ; free virtual = 98194
INFO: [v++ 60-1443] [13:50:08] Run run_link: Step xclbinutilinfo: Started
INFO: [v++ 60-1453] Command Line: xclbinutil --quiet --info /home/YL_HUANG/12_2/alveo_test_single/build_dir.hw.xilinx_u50_xdma_201920_1/link/int/alveo_hls4ml.xclbin.info --input /home/YL_HUANG/12_2/alveo_test_single/build_dir.hw.xilinx_u50_xdma_201920_1/link/int/alveo_hls4ml.xclbin
INFO: [v++ 60-1454] Run Directory: /home/YL_HUANG/12_2/alveo_test_single/build_dir.hw.xilinx_u50_xdma_201920_1/link/run_link
INFO: [v++ 60-1441] [13:50:08] Run run_link: Step xclbinutilinfo: Completed
Time (s): cpu = 00:00:00.39 ; elapsed = 00:00:00.43 . Memory (MB): peak = 687.348 ; gain = 0.000 ; free physical = 55516 ; free virtual = 98192
INFO: [v++ 60-244] Generating system estimate report...
INFO: [v++ 60-1092] Generated system estimate report: /home/YL_HUANG/12_2/alveo_test_single/build_dir.hw.xilinx_u50_xdma_201920_1/reports/link/system_estimate_alveo_hls4ml.xtxt
INFO: [v++ 60-586] Created /home/YL_HUANG/12_2/alveo_test_single/build_dir.hw.xilinx_u50_xdma_201920_1/alveo_hls4ml.ltx
INFO: [v++ 60-586] Created build_dir.hw.xilinx_u50_xdma_201920_1/alveo_hls4ml.xclbin
INFO: [v++ 60-1307] Run completed. Additional information can be found in:
	Guidance: /home/YL_HUANG/12_2/alveo_test_single/build_dir.hw.xilinx_u50_xdma_201920_1/reports/link/v++_link_alveo_hls4ml_guidance.html
	Timing Report: /home/YL_HUANG/12_2/alveo_test_single/build_dir.hw.xilinx_u50_xdma_201920_1/reports/link/imp/xilinx_u50_xdma_201920_1_bb_locked_timing_summary_routed.rpt
	Utilizations Report: /home/YL_HUANG/12_2/alveo_test_single/build_dir.hw.xilinx_u50_xdma_201920_1/reports/link/imp/kernel_util_routed.rpt
	Vivado Log: /home/YL_HUANG/12_2/alveo_test_single/build_dir.hw.xilinx_u50_xdma_201920_1/logs/link/vivado.log
	Steps Log File: /home/YL_HUANG/12_2/alveo_test_single/build_dir.hw.xilinx_u50_xdma_201920_1/logs/link/link.steps.log

INFO: [v++ 60-791] Total elapsed time: 6h 32m 10s
