INFO: [v++ 60-1306] Additional information associated with this v++ link can be found at:
	Reports: /home/YL_HUANG/10_21/alveo_16_8_v3/build_dir.hw.xilinx_u50_xdma_201920_1/reports/link
	Log files: /home/YL_HUANG/10_21/alveo_16_8_v3/build_dir.hw.xilinx_u50_xdma_201920_1/logs/link
INFO: [v++ 60-1548] Creating build summary session with primary output /home/YL_HUANG/10_21/alveo_16_8_v3/build_dir.hw.xilinx_u50_xdma_201920_1/alveo_hls4ml.xclbin.link_summary, at Mon Oct 17 05:16:43 2022
INFO: [v++ 60-1316] Initiating connection to rulecheck server, at Mon Oct 17 05:16:43 2022
INFO: [v++ 60-1315] Creating rulecheck session with output '/home/YL_HUANG/10_21/alveo_16_8_v3/build_dir.hw.xilinx_u50_xdma_201920_1/reports/link/v++_link_alveo_hls4ml_guidance.html', at Mon Oct 17 05:16:45 2022
INFO: [v++ 60-895]   Target platform: /opt/xilinx/platforms/xilinx_u50_xdma_201920_1/xilinx_u50_xdma_201920_1.xpfm
INFO: [v++ 60-1578]   This platform contains Device Support Archive '/opt/xilinx/platforms/xilinx_u50_xdma_201920_1/hw/xilinx_u50_xdma_201920_1.dsa'
INFO: [v++ 60-629] Linking for hardware target
INFO: [v++ 60-423]   Target device: xilinx_u50_xdma_201920_1
INFO: [v++ 60-1332] Run 'run_link' status: Not started
INFO: [v++ 60-1443] [05:16:55] Run run_link: Step system_link: Started
INFO: [v++ 60-1453] Command Line: system_link --xo /home/YL_HUANG/10_21/alveo_16_8_v3/_x.hw.xilinx_u50_xdma_201920_1/alveo_hls4ml.xo -keep --config /home/YL_HUANG/10_21/alveo_16_8_v3/build_dir.hw.xilinx_u50_xdma_201920_1/link/int/syslinkConfig.ini --xpfm /opt/xilinx/platforms/xilinx_u50_xdma_201920_1/xilinx_u50_xdma_201920_1.xpfm --target hw --output_dir /home/YL_HUANG/10_21/alveo_16_8_v3/build_dir.hw.xilinx_u50_xdma_201920_1/link/int --temp_dir /home/YL_HUANG/10_21/alveo_16_8_v3/build_dir.hw.xilinx_u50_xdma_201920_1/link/sys_link
INFO: [v++ 60-1454] Run Directory: /home/YL_HUANG/10_21/alveo_16_8_v3/build_dir.hw.xilinx_u50_xdma_201920_1/link/run_link
INFO: [SYSTEM_LINK 82-76] Reading emulation BD and HPFM information
INFO: [SYSTEM_LINK 60-1316] Initiating connection to rulecheck server, at Mon Oct 17 05:17:00 2022
INFO: [SYSTEM_LINK 82-70] Extracting xo v3 file /home/YL_HUANG/10_21/alveo_16_8_v3/_x.hw.xilinx_u50_xdma_201920_1/alveo_hls4ml.xo
INFO: [KernelCheck 83-118] 'alveo_hls4ml' kernel.xml and component.xml caseness discrepency is being corrected, S_AXI_CONTROL is being replaced by s_axi_control
INFO: [KernelCheck 83-118] 'in' kernel.xml and component.xml caseness discrepency is being corrected, S_AXI_CONTROL is being replaced by s_axi_control
INFO: [KernelCheck 83-118] 'out' kernel.xml and component.xml caseness discrepency is being corrected, S_AXI_CONTROL is being replaced by s_axi_control
INFO: [SYSTEM_LINK 82-53] Creating IP database /home/YL_HUANG/10_21/alveo_16_8_v3/build_dir.hw.xilinx_u50_xdma_201920_1/link/sys_link/_sysl/.cdb/xd_ip_db.xml
INFO: [SYSTEM_LINK 82-38] [05:17:01] build_xd_ip_db started: /opt/Xilinx/Vitis/2019.2/bin/build_xd_ip_db -ip_search 0  -sds-pf /home/YL_HUANG/10_21/alveo_16_8_v3/build_dir.hw.xilinx_u50_xdma_201920_1/link/sys_link/xilinx_u50_xdma_201920_1.hpfm -clkid 0 -ip /home/YL_HUANG/10_21/alveo_16_8_v3/build_dir.hw.xilinx_u50_xdma_201920_1/link/sys_link/iprepo/xilinx_com_hls_alveo_hls4ml_1_0,alveo_hls4ml -o /home/YL_HUANG/10_21/alveo_16_8_v3/build_dir.hw.xilinx_u50_xdma_201920_1/link/sys_link/_sysl/.cdb/xd_ip_db.xml
INFO: [SYSTEM_LINK 82-37] [05:17:05] build_xd_ip_db finished successfully
Time (s): cpu = 00:00:03 ; elapsed = 00:00:04 . Memory (MB): peak = 279.227 ; gain = 0.000 ; free physical = 4189 ; free virtual = 89784
INFO: [SYSTEM_LINK 82-51] Create system connectivity graph
INFO: [SYSTEM_LINK 82-102] Applying explicit connections to the system connectivity graph: /home/YL_HUANG/10_21/alveo_16_8_v3/build_dir.hw.xilinx_u50_xdma_201920_1/link/sys_link/cfgraph/cfgen_cfgraph.xml
INFO: [SYSTEM_LINK 82-38] [05:17:05] cfgen started: /opt/Xilinx/Vitis/2019.2/bin/cfgen  -sp alveo_hls4ml_1.in:HBM[0] -sp alveo_hls4ml_1.out:HBM[1] -dmclkid 0 -r /home/YL_HUANG/10_21/alveo_16_8_v3/build_dir.hw.xilinx_u50_xdma_201920_1/link/sys_link/_sysl/.cdb/xd_ip_db.xml -o /home/YL_HUANG/10_21/alveo_16_8_v3/build_dir.hw.xilinx_u50_xdma_201920_1/link/sys_link/cfgraph/cfgen_cfgraph.xml
INFO: [CFGEN 83-0] Kernel Specs: 
INFO: [CFGEN 83-0]   kernel: alveo_hls4ml, num: 1  {alveo_hls4ml_1}
INFO: [CFGEN 83-0] Port Specs: 
INFO: [CFGEN 83-0]   kernel: alveo_hls4ml_1, k_port: in, sptag: HBM[0]
INFO: [CFGEN 83-0]   kernel: alveo_hls4ml_1, k_port: out, sptag: HBM[1]
INFO: [CFGEN 83-2228] Creating mapping for argument alveo_hls4ml_1.in to HBM[0] for directive alveo_hls4ml_1.in:HBM[0]
INFO: [CFGEN 83-2228] Creating mapping for argument alveo_hls4ml_1.out to HBM[1] for directive alveo_hls4ml_1.out:HBM[1]
INFO: [SYSTEM_LINK 82-37] [05:17:09] cfgen finished successfully
Time (s): cpu = 00:00:03 ; elapsed = 00:00:03 . Memory (MB): peak = 287.688 ; gain = 0.000 ; free physical = 3097 ; free virtual = 88697
INFO: [SYSTEM_LINK 82-52] Create top-level block diagram
INFO: [SYSTEM_LINK 82-38] [05:17:09] cf2bd started: /opt/Xilinx/Vitis/2019.2/bin/cf2bd  --linux --trace_buffer 1024 --input_file /home/YL_HUANG/10_21/alveo_16_8_v3/build_dir.hw.xilinx_u50_xdma_201920_1/link/sys_link/cfgraph/cfgen_cfgraph.xml --ip_db /home/YL_HUANG/10_21/alveo_16_8_v3/build_dir.hw.xilinx_u50_xdma_201920_1/link/sys_link/_sysl/.cdb/xd_ip_db.xml --cf_name dr --working_dir /home/YL_HUANG/10_21/alveo_16_8_v3/build_dir.hw.xilinx_u50_xdma_201920_1/link/sys_link/_sysl/.xsd --temp_dir /home/YL_HUANG/10_21/alveo_16_8_v3/build_dir.hw.xilinx_u50_xdma_201920_1/link/sys_link --output_dir /home/YL_HUANG/10_21/alveo_16_8_v3/build_dir.hw.xilinx_u50_xdma_201920_1/link/int --target_bd pfm_dynamic.bd
INFO: [CF2BD 82-31] Launching cf2xd: cf2xd -linux -trace-buffer 1024 -i /home/YL_HUANG/10_21/alveo_16_8_v3/build_dir.hw.xilinx_u50_xdma_201920_1/link/sys_link/cfgraph/cfgen_cfgraph.xml -r /home/YL_HUANG/10_21/alveo_16_8_v3/build_dir.hw.xilinx_u50_xdma_201920_1/link/sys_link/_sysl/.cdb/xd_ip_db.xml -o dr.xml
INFO: [CF2BD 82-28] cf2xd finished successfully
INFO: [CF2BD 82-31] Launching cf_xsd: cf_xsd -disable-address-gen -bd pfm_dynamic.bd -dn dr -dp /home/YL_HUANG/10_21/alveo_16_8_v3/build_dir.hw.xilinx_u50_xdma_201920_1/link/sys_link/_sysl/.xsd
INFO: [CF2BD 82-28] cf_xsd finished successfully
INFO: [SYSTEM_LINK 82-37] [05:17:15] cf2bd finished successfully
Time (s): cpu = 00:00:02 ; elapsed = 00:00:06 . Memory (MB): peak = 287.688 ; gain = 0.000 ; free physical = 2176 ; free virtual = 87800
INFO: [v++ 60-1441] [05:17:15] Run run_link: Step system_link: Completed
Time (s): cpu = 00:00:10 ; elapsed = 00:00:20 . Memory (MB): peak = 687.348 ; gain = 0.000 ; free physical = 2190 ; free virtual = 87815
INFO: [v++ 60-1443] [05:17:15] Run run_link: Step cf2sw: Started
INFO: [v++ 60-1453] Command Line: cf2sw -sdsl /home/YL_HUANG/10_21/alveo_16_8_v3/build_dir.hw.xilinx_u50_xdma_201920_1/link/int/sdsl.dat -rtd /home/YL_HUANG/10_21/alveo_16_8_v3/build_dir.hw.xilinx_u50_xdma_201920_1/link/int/cf2sw.rtd -xclbin /home/YL_HUANG/10_21/alveo_16_8_v3/build_dir.hw.xilinx_u50_xdma_201920_1/link/int/xclbin_orig.xml -o /home/YL_HUANG/10_21/alveo_16_8_v3/build_dir.hw.xilinx_u50_xdma_201920_1/link/int/xclbin_orig.1.xml
INFO: [v++ 60-1454] Run Directory: /home/YL_HUANG/10_21/alveo_16_8_v3/build_dir.hw.xilinx_u50_xdma_201920_1/link/run_link
INFO: [v++ 60-1441] [05:17:17] Run run_link: Step cf2sw: Completed
Time (s): cpu = 00:00:01 ; elapsed = 00:00:02 . Memory (MB): peak = 687.348 ; gain = 0.000 ; free physical = 1898 ; free virtual = 87507
INFO: [v++ 60-1443] [05:17:17] Run run_link: Step rtd2_system_diagram: Started
INFO: [v++ 60-1453] Command Line: rtd2SystemDiagram --rtdJsonFileName /home/YL_HUANG/10_21/alveo_16_8_v3/build_dir.hw.xilinx_u50_xdma_201920_1/link/int/cf2sw.rtd --diagramJsonFileName /home/YL_HUANG/10_21/alveo_16_8_v3/build_dir.hw.xilinx_u50_xdma_201920_1/link/int/systemDiagramModel.json --platformFilePath /opt/xilinx/platforms/xilinx_u50_xdma_201920_1/xilinx_u50_xdma_201920_1.xpfm --generatedByName v++ --generatedByVersion 2019.2 --generatedByChangeList 2708876 --generatedByTimeStamp Wed Nov  6 21:39:14 MST 2019 --generatedByOptions /opt/Xilinx/Vitis/2019.2/bin/unwrapped/lnx64.o/v++ -t hw --platform xilinx_u50_xdma_201920_1 --save-temps --temp_dir ./build_dir.hw.xilinx_u50_xdma_201920_1 -l -obuild_dir.hw.xilinx_u50_xdma_201920_1/alveo_hls4ml.xclbin _x.hw.xilinx_u50_xdma_201920_1/alveo_hls4ml.xo --config config.ini --kernel_frequency 200  --generatedByXclbinName alveo_hls4ml --kernelInfoDataFileName /home/YL_HUANG/10_21/alveo_16_8_v3/build_dir.hw.xilinx_u50_xdma_201920_1/link/int/kernel_info.dat
INFO: [v++ 60-1454] Run Directory: /home/YL_HUANG/10_21/alveo_16_8_v3/build_dir.hw.xilinx_u50_xdma_201920_1/link/run_link
INFO: [v++ 60-839] Read in kernel information from file '/home/YL_HUANG/10_21/alveo_16_8_v3/build_dir.hw.xilinx_u50_xdma_201920_1/link/int/kernel_info.dat'.
WARNING: [v++ 82-157] Unable to populate kernel available resources BRAM entry.
WARNING: [v++ 82-158] Unable to populate kernel available resources DSP entry.
INFO: [v++ 60-1441] [05:17:21] Run run_link: Step rtd2_system_diagram: Completed
Time (s): cpu = 00:00:02 ; elapsed = 00:00:04 . Memory (MB): peak = 687.348 ; gain = 0.000 ; free physical = 1787 ; free virtual = 87399
INFO: [v++ 60-1443] [05:17:21] Run run_link: Step vpl: Started
INFO: [v++ 60-1453] Command Line: vpl -t hw -f xilinx_u50_xdma_201920_1 --kernel_frequency 200 -s --output_dir /home/YL_HUANG/10_21/alveo_16_8_v3/build_dir.hw.xilinx_u50_xdma_201920_1/link/int --log_dir /home/YL_HUANG/10_21/alveo_16_8_v3/build_dir.hw.xilinx_u50_xdma_201920_1/logs/link --report_dir /home/YL_HUANG/10_21/alveo_16_8_v3/build_dir.hw.xilinx_u50_xdma_201920_1/reports/link --config /home/YL_HUANG/10_21/alveo_16_8_v3/build_dir.hw.xilinx_u50_xdma_201920_1/link/int/vplConfig.ini -k /home/YL_HUANG/10_21/alveo_16_8_v3/build_dir.hw.xilinx_u50_xdma_201920_1/link/int/kernel_info.dat --webtalk_flag Vitis --temp_dir /home/YL_HUANG/10_21/alveo_16_8_v3/build_dir.hw.xilinx_u50_xdma_201920_1/link --no-info --tlog_dir /home/YL_HUANG/10_21/alveo_16_8_v3/build_dir.hw.xilinx_u50_xdma_201920_1/.tlog/v++_link_alveo_hls4ml --iprepo /home/YL_HUANG/10_21/alveo_16_8_v3/build_dir.hw.xilinx_u50_xdma_201920_1/link/int/xo/ip_repo/xilinx_com_hls_alveo_hls4ml_1_0 --messageDb /home/YL_HUANG/10_21/alveo_16_8_v3/build_dir.hw.xilinx_u50_xdma_201920_1/link/run_link/vpl.pb /home/YL_HUANG/10_21/alveo_16_8_v3/build_dir.hw.xilinx_u50_xdma_201920_1/link/int/dr.bd.tcl
INFO: [v++ 60-1454] Run Directory: /home/YL_HUANG/10_21/alveo_16_8_v3/build_dir.hw.xilinx_u50_xdma_201920_1/link/run_link

****** vpl v2019.2 (64-bit)
  **** SW Build 2708876 on Wed Nov  6 21:39:14 MST 2019
    ** Copyright 1986-2019 Xilinx, Inc. All Rights Reserved.

INFO: [VPL 60-839] Read in kernel information from file '/home/YL_HUANG/10_21/alveo_16_8_v3/build_dir.hw.xilinx_u50_xdma_201920_1/link/int/kernel_info.dat'.
INFO: [VPL 60-423]   Target device: xilinx_u50_xdma_201920_1
INFO: [VPL 60-1032] Extracting hardware platform to /home/YL_HUANG/10_21/alveo_16_8_v3/build_dir.hw.xilinx_u50_xdma_201920_1/link/vivado/vpl/.local/hw_platform
[05:17:59] Run vpl: Step create_project: Started
Creating Vivado project.
[05:18:05] Run vpl: Step create_project: Completed
[05:18:05] Run vpl: Step create_bd: Started
[05:19:22] Run vpl: Step create_bd: RUNNING...
[05:20:38] Run vpl: Step create_bd: RUNNING...
[05:20:41] Run vpl: Step create_bd: Completed
[05:20:41] Run vpl: Step update_bd: Started
[05:20:44] Run vpl: Step update_bd: Completed
[05:20:44] Run vpl: Step generate_target: Started
[05:21:59] Run vpl: Step generate_target: RUNNING...
[05:22:34] Run vpl: Step generate_target: Completed
[05:22:34] Run vpl: Step config_hw_runs: Started
[05:22:50] Run vpl: Step config_hw_runs: Completed
[05:22:50] Run vpl: Step synth: Started
[05:24:22] Block-level synthesis in progress, 0 of 58 jobs complete, 8 jobs running.
[05:24:52] Block-level synthesis in progress, 0 of 58 jobs complete, 8 jobs running.
[05:25:23] Block-level synthesis in progress, 0 of 58 jobs complete, 8 jobs running.
[05:25:55] Block-level synthesis in progress, 0 of 58 jobs complete, 8 jobs running.
[05:26:26] Block-level synthesis in progress, 0 of 58 jobs complete, 8 jobs running.
[05:26:57] Block-level synthesis in progress, 0 of 58 jobs complete, 8 jobs running.
[05:27:27] Block-level synthesis in progress, 0 of 58 jobs complete, 8 jobs running.
[05:27:58] Block-level synthesis in progress, 0 of 58 jobs complete, 8 jobs running.
[05:28:28] Block-level synthesis in progress, 0 of 58 jobs complete, 8 jobs running.
[05:28:59] Block-level synthesis in progress, 0 of 58 jobs complete, 8 jobs running.
[05:29:29] Block-level synthesis in progress, 2 of 58 jobs complete, 6 jobs running.
[05:30:00] Block-level synthesis in progress, 7 of 58 jobs complete, 2 jobs running.
[05:30:30] Block-level synthesis in progress, 7 of 58 jobs complete, 8 jobs running.
[05:31:01] Block-level synthesis in progress, 8 of 58 jobs complete, 7 jobs running.
[05:31:31] Block-level synthesis in progress, 8 of 58 jobs complete, 8 jobs running.
[05:32:02] Block-level synthesis in progress, 8 of 58 jobs complete, 8 jobs running.
[05:32:33] Block-level synthesis in progress, 8 of 58 jobs complete, 8 jobs running.
[05:33:03] Block-level synthesis in progress, 8 of 58 jobs complete, 8 jobs running.
[05:33:34] Block-level synthesis in progress, 8 of 58 jobs complete, 8 jobs running.
[05:34:04] Block-level synthesis in progress, 8 of 58 jobs complete, 8 jobs running.
[05:34:35] Block-level synthesis in progress, 8 of 58 jobs complete, 8 jobs running.
[05:35:06] Block-level synthesis in progress, 8 of 58 jobs complete, 8 jobs running.
[05:35:36] Block-level synthesis in progress, 14 of 58 jobs complete, 2 jobs running.
[05:36:07] Block-level synthesis in progress, 15 of 58 jobs complete, 6 jobs running.
[05:36:38] Block-level synthesis in progress, 17 of 58 jobs complete, 5 jobs running.
[05:37:08] Block-level synthesis in progress, 19 of 58 jobs complete, 5 jobs running.
[05:37:39] Block-level synthesis in progress, 19 of 58 jobs complete, 8 jobs running.
[05:38:10] Block-level synthesis in progress, 19 of 58 jobs complete, 8 jobs running.
[05:38:41] Block-level synthesis in progress, 19 of 58 jobs complete, 8 jobs running.
[05:39:11] Block-level synthesis in progress, 19 of 58 jobs complete, 8 jobs running.
[05:39:42] Block-level synthesis in progress, 19 of 58 jobs complete, 8 jobs running.
[05:40:13] Block-level synthesis in progress, 19 of 58 jobs complete, 8 jobs running.
[05:40:44] Block-level synthesis in progress, 19 of 58 jobs complete, 8 jobs running.
[05:41:15] Block-level synthesis in progress, 20 of 58 jobs complete, 7 jobs running.
[05:41:45] Block-level synthesis in progress, 20 of 58 jobs complete, 7 jobs running.
[05:42:16] Block-level synthesis in progress, 22 of 58 jobs complete, 6 jobs running.
[05:42:47] Block-level synthesis in progress, 27 of 58 jobs complete, 3 jobs running.
[05:43:18] Block-level synthesis in progress, 29 of 58 jobs complete, 4 jobs running.
[05:43:49] Block-level synthesis in progress, 29 of 58 jobs complete, 7 jobs running.
[05:44:20] Block-level synthesis in progress, 29 of 58 jobs complete, 8 jobs running.
[05:44:51] Block-level synthesis in progress, 29 of 58 jobs complete, 8 jobs running.
[05:45:22] Block-level synthesis in progress, 29 of 58 jobs complete, 8 jobs running.
[05:45:53] Block-level synthesis in progress, 29 of 58 jobs complete, 8 jobs running.
[05:46:24] Block-level synthesis in progress, 29 of 58 jobs complete, 8 jobs running.
[05:46:55] Block-level synthesis in progress, 29 of 58 jobs complete, 8 jobs running.
[05:47:26] Block-level synthesis in progress, 29 of 58 jobs complete, 8 jobs running.
[05:47:57] Block-level synthesis in progress, 29 of 58 jobs complete, 8 jobs running.
[05:48:28] Block-level synthesis in progress, 29 of 58 jobs complete, 8 jobs running.
[05:48:59] Block-level synthesis in progress, 33 of 58 jobs complete, 4 jobs running.
[05:49:30] Block-level synthesis in progress, 34 of 58 jobs complete, 4 jobs running.
[05:50:01] Block-level synthesis in progress, 36 of 58 jobs complete, 5 jobs running.
[05:50:32] Block-level synthesis in progress, 40 of 58 jobs complete, 4 jobs running.
[05:51:03] Block-level synthesis in progress, 41 of 58 jobs complete, 6 jobs running.
[05:51:34] Block-level synthesis in progress, 41 of 58 jobs complete, 7 jobs running.
[05:52:05] Block-level synthesis in progress, 41 of 58 jobs complete, 8 jobs running.
[05:52:36] Block-level synthesis in progress, 41 of 58 jobs complete, 8 jobs running.
[05:53:07] Block-level synthesis in progress, 41 of 58 jobs complete, 8 jobs running.
[05:53:38] Block-level synthesis in progress, 41 of 58 jobs complete, 8 jobs running.
[05:54:09] Block-level synthesis in progress, 41 of 58 jobs complete, 8 jobs running.
[05:54:40] Block-level synthesis in progress, 42 of 58 jobs complete, 7 jobs running.
[05:55:11] Block-level synthesis in progress, 43 of 58 jobs complete, 6 jobs running.
[05:55:42] Block-level synthesis in progress, 43 of 58 jobs complete, 8 jobs running.
[05:56:14] Block-level synthesis in progress, 47 of 58 jobs complete, 4 jobs running.
[05:56:44] Block-level synthesis in progress, 50 of 58 jobs complete, 5 jobs running.
[05:57:15] Block-level synthesis in progress, 50 of 58 jobs complete, 7 jobs running.
[05:57:46] Block-level synthesis in progress, 50 of 58 jobs complete, 7 jobs running.
[05:58:16] Block-level synthesis in progress, 50 of 58 jobs complete, 7 jobs running.
[05:58:47] Block-level synthesis in progress, 52 of 58 jobs complete, 5 jobs running.
[05:59:18] Block-level synthesis in progress, 53 of 58 jobs complete, 4 jobs running.
[05:59:48] Block-level synthesis in progress, 56 of 58 jobs complete, 2 jobs running.
[06:00:19] Block-level synthesis in progress, 57 of 58 jobs complete, 1 job running.
[06:00:49] Block-level synthesis in progress, 57 of 58 jobs complete, 1 job running.
[06:01:20] Block-level synthesis in progress, 57 of 58 jobs complete, 1 job running.
[06:01:50] Block-level synthesis in progress, 57 of 58 jobs complete, 1 job running.
[06:02:21] Block-level synthesis in progress, 57 of 58 jobs complete, 1 job running.
[06:02:52] Block-level synthesis in progress, 57 of 58 jobs complete, 1 job running.
[06:03:22] Block-level synthesis in progress, 57 of 58 jobs complete, 1 job running.
[06:03:53] Block-level synthesis in progress, 57 of 58 jobs complete, 1 job running.
[06:04:23] Block-level synthesis in progress, 57 of 58 jobs complete, 1 job running.
[06:04:54] Block-level synthesis in progress, 57 of 58 jobs complete, 1 job running.
[06:05:25] Block-level synthesis in progress, 57 of 58 jobs complete, 1 job running.
[06:05:55] Block-level synthesis in progress, 57 of 58 jobs complete, 1 job running.
[06:06:26] Block-level synthesis in progress, 57 of 58 jobs complete, 1 job running.
[06:06:57] Block-level synthesis in progress, 57 of 58 jobs complete, 1 job running.
[06:07:28] Block-level synthesis in progress, 57 of 58 jobs complete, 1 job running.
[06:07:58] Block-level synthesis in progress, 57 of 58 jobs complete, 1 job running.
[06:08:29] Block-level synthesis in progress, 57 of 58 jobs complete, 1 job running.
[06:09:00] Block-level synthesis in progress, 57 of 58 jobs complete, 1 job running.
[06:09:30] Block-level synthesis in progress, 57 of 58 jobs complete, 1 job running.
[06:10:01] Block-level synthesis in progress, 57 of 58 jobs complete, 1 job running.
[06:10:32] Block-level synthesis in progress, 57 of 58 jobs complete, 1 job running.
[06:11:03] Block-level synthesis in progress, 57 of 58 jobs complete, 1 job running.
[06:11:34] Block-level synthesis in progress, 57 of 58 jobs complete, 1 job running.
[06:12:04] Block-level synthesis in progress, 57 of 58 jobs complete, 1 job running.
[06:12:35] Block-level synthesis in progress, 57 of 58 jobs complete, 1 job running.
[06:13:06] Block-level synthesis in progress, 57 of 58 jobs complete, 1 job running.
[06:13:37] Block-level synthesis in progress, 57 of 58 jobs complete, 1 job running.
[06:14:07] Block-level synthesis in progress, 57 of 58 jobs complete, 1 job running.
[06:14:38] Block-level synthesis in progress, 57 of 58 jobs complete, 1 job running.
[06:15:09] Block-level synthesis in progress, 57 of 58 jobs complete, 1 job running.
[06:15:40] Block-level synthesis in progress, 57 of 58 jobs complete, 1 job running.
[06:16:10] Block-level synthesis in progress, 57 of 58 jobs complete, 1 job running.
[06:16:41] Block-level synthesis in progress, 57 of 58 jobs complete, 1 job running.
[06:17:12] Block-level synthesis in progress, 57 of 58 jobs complete, 1 job running.
[06:17:43] Block-level synthesis in progress, 57 of 58 jobs complete, 1 job running.
[06:18:14] Block-level synthesis in progress, 57 of 58 jobs complete, 1 job running.
[06:18:45] Block-level synthesis in progress, 57 of 58 jobs complete, 1 job running.
[06:19:16] Block-level synthesis in progress, 57 of 58 jobs complete, 1 job running.
[06:19:47] Block-level synthesis in progress, 57 of 58 jobs complete, 1 job running.
[06:20:17] Block-level synthesis in progress, 57 of 58 jobs complete, 1 job running.
[06:20:48] Block-level synthesis in progress, 57 of 58 jobs complete, 1 job running.
[06:21:19] Block-level synthesis in progress, 57 of 58 jobs complete, 1 job running.
[06:21:50] Block-level synthesis in progress, 57 of 58 jobs complete, 1 job running.
[06:22:21] Block-level synthesis in progress, 57 of 58 jobs complete, 1 job running.
[06:22:52] Block-level synthesis in progress, 57 of 58 jobs complete, 1 job running.
[06:23:23] Block-level synthesis in progress, 57 of 58 jobs complete, 1 job running.
[06:23:54] Block-level synthesis in progress, 57 of 58 jobs complete, 1 job running.
[06:24:25] Block-level synthesis in progress, 57 of 58 jobs complete, 1 job running.
[06:24:56] Block-level synthesis in progress, 57 of 58 jobs complete, 1 job running.
[06:25:27] Block-level synthesis in progress, 57 of 58 jobs complete, 1 job running.
[06:25:58] Block-level synthesis in progress, 57 of 58 jobs complete, 1 job running.
[06:26:29] Block-level synthesis in progress, 57 of 58 jobs complete, 1 job running.
[06:27:00] Block-level synthesis in progress, 57 of 58 jobs complete, 1 job running.
[06:27:31] Block-level synthesis in progress, 57 of 58 jobs complete, 1 job running.
[06:28:02] Block-level synthesis in progress, 57 of 58 jobs complete, 1 job running.
[06:28:33] Block-level synthesis in progress, 57 of 58 jobs complete, 1 job running.
[06:29:03] Block-level synthesis in progress, 57 of 58 jobs complete, 1 job running.
[06:29:34] Block-level synthesis in progress, 57 of 58 jobs complete, 1 job running.
[06:30:05] Block-level synthesis in progress, 57 of 58 jobs complete, 1 job running.
[06:30:36] Block-level synthesis in progress, 57 of 58 jobs complete, 1 job running.
[06:31:07] Block-level synthesis in progress, 57 of 58 jobs complete, 1 job running.
[06:31:38] Block-level synthesis in progress, 57 of 58 jobs complete, 1 job running.
[06:32:09] Block-level synthesis in progress, 57 of 58 jobs complete, 1 job running.
[06:32:40] Block-level synthesis in progress, 57 of 58 jobs complete, 1 job running.
[06:33:11] Block-level synthesis in progress, 57 of 58 jobs complete, 1 job running.
[06:33:42] Block-level synthesis in progress, 57 of 58 jobs complete, 1 job running.
[06:34:13] Block-level synthesis in progress, 57 of 58 jobs complete, 1 job running.
[06:34:44] Block-level synthesis in progress, 57 of 58 jobs complete, 1 job running.
[06:35:15] Block-level synthesis in progress, 57 of 58 jobs complete, 1 job running.
[06:35:46] Block-level synthesis in progress, 57 of 58 jobs complete, 1 job running.
[06:36:17] Block-level synthesis in progress, 57 of 58 jobs complete, 1 job running.
[06:36:48] Block-level synthesis in progress, 57 of 58 jobs complete, 1 job running.
[06:37:18] Block-level synthesis in progress, 57 of 58 jobs complete, 1 job running.
[06:37:49] Block-level synthesis in progress, 57 of 58 jobs complete, 1 job running.
[06:38:20] Block-level synthesis in progress, 57 of 58 jobs complete, 1 job running.
[06:38:51] Block-level synthesis in progress, 57 of 58 jobs complete, 1 job running.
[06:39:22] Block-level synthesis in progress, 57 of 58 jobs complete, 1 job running.
[06:39:53] Block-level synthesis in progress, 57 of 58 jobs complete, 1 job running.
[06:40:24] Block-level synthesis in progress, 57 of 58 jobs complete, 1 job running.
[06:40:55] Block-level synthesis in progress, 57 of 58 jobs complete, 1 job running.
[06:41:25] Block-level synthesis in progress, 57 of 58 jobs complete, 1 job running.
[06:41:56] Block-level synthesis in progress, 57 of 58 jobs complete, 1 job running.
[06:42:27] Block-level synthesis in progress, 57 of 58 jobs complete, 1 job running.
[06:42:58] Block-level synthesis in progress, 57 of 58 jobs complete, 1 job running.
[06:43:29] Block-level synthesis in progress, 57 of 58 jobs complete, 1 job running.
[06:44:00] Block-level synthesis in progress, 57 of 58 jobs complete, 1 job running.
[06:44:31] Block-level synthesis in progress, 57 of 58 jobs complete, 1 job running.
[06:45:02] Block-level synthesis in progress, 57 of 58 jobs complete, 1 job running.
[06:45:33] Block-level synthesis in progress, 57 of 58 jobs complete, 1 job running.
[06:46:03] Block-level synthesis in progress, 57 of 58 jobs complete, 1 job running.
[06:46:34] Block-level synthesis in progress, 57 of 58 jobs complete, 1 job running.
[06:47:05] Block-level synthesis in progress, 57 of 58 jobs complete, 1 job running.
[06:47:36] Block-level synthesis in progress, 57 of 58 jobs complete, 1 job running.
[06:48:07] Block-level synthesis in progress, 57 of 58 jobs complete, 1 job running.
[06:48:38] Block-level synthesis in progress, 57 of 58 jobs complete, 1 job running.
[06:49:09] Block-level synthesis in progress, 57 of 58 jobs complete, 1 job running.
[06:49:40] Block-level synthesis in progress, 57 of 58 jobs complete, 1 job running.
[06:50:11] Block-level synthesis in progress, 57 of 58 jobs complete, 1 job running.
[06:50:41] Block-level synthesis in progress, 57 of 58 jobs complete, 1 job running.
[06:51:12] Block-level synthesis in progress, 57 of 58 jobs complete, 1 job running.
[06:51:43] Block-level synthesis in progress, 57 of 58 jobs complete, 1 job running.
[06:52:14] Block-level synthesis in progress, 57 of 58 jobs complete, 1 job running.
[06:52:45] Block-level synthesis in progress, 57 of 58 jobs complete, 1 job running.
[06:53:16] Block-level synthesis in progress, 57 of 58 jobs complete, 1 job running.
[06:53:47] Block-level synthesis in progress, 57 of 58 jobs complete, 1 job running.
[06:54:18] Block-level synthesis in progress, 57 of 58 jobs complete, 1 job running.
[06:54:48] Block-level synthesis in progress, 57 of 58 jobs complete, 1 job running.
[06:55:19] Block-level synthesis in progress, 57 of 58 jobs complete, 1 job running.
[06:55:50] Block-level synthesis in progress, 57 of 58 jobs complete, 1 job running.
[06:56:21] Block-level synthesis in progress, 57 of 58 jobs complete, 1 job running.
[06:56:52] Block-level synthesis in progress, 57 of 58 jobs complete, 1 job running.
[06:57:23] Block-level synthesis in progress, 57 of 58 jobs complete, 1 job running.
[06:57:54] Block-level synthesis in progress, 57 of 58 jobs complete, 1 job running.
[06:58:25] Block-level synthesis in progress, 57 of 58 jobs complete, 1 job running.
[06:58:56] Block-level synthesis in progress, 57 of 58 jobs complete, 1 job running.
[06:59:27] Block-level synthesis in progress, 57 of 58 jobs complete, 1 job running.
[06:59:57] Block-level synthesis in progress, 57 of 58 jobs complete, 1 job running.
[07:00:28] Block-level synthesis in progress, 57 of 58 jobs complete, 1 job running.
[07:00:59] Block-level synthesis in progress, 57 of 58 jobs complete, 1 job running.
[07:01:30] Block-level synthesis in progress, 57 of 58 jobs complete, 1 job running.
[07:02:01] Block-level synthesis in progress, 57 of 58 jobs complete, 1 job running.
[07:02:32] Block-level synthesis in progress, 57 of 58 jobs complete, 1 job running.
[07:03:03] Block-level synthesis in progress, 57 of 58 jobs complete, 1 job running.
[07:03:34] Block-level synthesis in progress, 57 of 58 jobs complete, 1 job running.
[07:04:05] Block-level synthesis in progress, 57 of 58 jobs complete, 1 job running.
[07:04:36] Block-level synthesis in progress, 57 of 58 jobs complete, 1 job running.
[07:05:07] Block-level synthesis in progress, 57 of 58 jobs complete, 1 job running.
[07:05:39] Block-level synthesis in progress, 57 of 58 jobs complete, 1 job running.
[07:06:10] Block-level synthesis in progress, 57 of 58 jobs complete, 1 job running.
[07:06:41] Block-level synthesis in progress, 57 of 58 jobs complete, 1 job running.
[07:07:12] Block-level synthesis in progress, 57 of 58 jobs complete, 1 job running.
[07:07:43] Block-level synthesis in progress, 57 of 58 jobs complete, 1 job running.
[07:08:14] Block-level synthesis in progress, 57 of 58 jobs complete, 1 job running.
[07:08:45] Block-level synthesis in progress, 57 of 58 jobs complete, 1 job running.
[07:09:16] Block-level synthesis in progress, 57 of 58 jobs complete, 1 job running.
[07:09:47] Block-level synthesis in progress, 57 of 58 jobs complete, 1 job running.
[07:10:18] Block-level synthesis in progress, 58 of 58 jobs complete, 0 jobs running.
[07:10:49] Top-level synthesis in progress.
[07:11:20] Top-level synthesis in progress.
[07:11:51] Top-level synthesis in progress.
[07:12:22] Top-level synthesis in progress.
[07:12:53] Top-level synthesis in progress.
[07:13:08] Run vpl: Step synth: Completed
[07:13:08] Run vpl: Step impl: Started
[07:30:16] Finished 2nd of 6 tasks (FPGA linking synthesized kernels to platform). Elapsed time: 02h 12m 50s 

[07:30:16] Starting logic optimization..
[07:30:48] Phase 1 Generate And Synthesize Debug Cores
[07:34:56] Phase 2 Retarget
[07:34:56] Phase 3 Constant propagation
[07:35:27] Phase 4 Sweep
[07:36:29] Phase 5 BUFG optimization
[07:37:32] Phase 6 Shift Register Optimization
[07:38:03] Phase 7 Post Processing Netlist
[07:40:07] Finished 3rd of 6 tasks (FPGA logic optimization). Elapsed time: 00h 09m 50s 

[07:40:07] Starting logic placement..
[07:41:10] Phase 1 Placer Initialization
[07:41:10] Phase 1.1 Placer Initialization Netlist Sorting
[07:43:45] Phase 1.2 IO Placement/ Clock Placement/ Build Placer Device
[07:46:53] Phase 1.3 Build Placer Netlist Model
[07:51:03] Phase 1.4 Constrain Clocks/Macros
[07:51:34] Phase 2 Global Placement
[07:51:34] Phase 2.1 Floorplanning
[07:56:45] Phase 2.2 Global Placement Core
[08:08:13] Phase 2.2.1 Physical Synthesis In Placer
[08:20:43] Phase 3 Detail Placement
[08:20:43] Phase 3.1 Commit Multi Column Macros
[08:21:15] Phase 3.2 Commit Most Macros & LUTRAMs
[08:21:46] Phase 3.3 Area Swap Optimization
[08:22:48] Phase 3.4 Pipeline Register Optimization
[08:22:48] Phase 3.5 IO Cut Optimizer
[08:22:48] Phase 3.6 Fast Optimization
[08:25:59] Phase 3.7 Small Shape DP
[08:25:59] Phase 3.7.1 Small Shape Clustering
[08:26:30] Phase 3.7.2 Flow Legalize Slice Clusters
[08:27:02] Phase 3.7.3 Slice Area Swap
[08:28:04] Phase 3.7.4 Commit Slice Clusters
[08:29:08] Phase 3.8 Place Remaining
[08:29:08] Phase 3.9 Re-assign LUT pins
[08:30:43] Phase 3.10 Pipeline Register Optimization
[08:30:43] Phase 3.11 Fast Optimization
[08:33:19] Phase 4 Post Placement Optimization and Clean-Up
[08:33:19] Phase 4.1 Post Commit Optimization
[08:35:55] Phase 4.1.1 Post Placement Optimization
[08:35:55] Phase 4.1.1.1 BUFG Insertion
[08:39:03] Phase 4.1.1.2 BUFG Replication
[08:42:11] Phase 4.1.1.3 Replication
[08:42:42] Phase 4.2 Post Placement Cleanup
[08:44:49] Phase 4.3 Placer Reporting
[08:45:20] Phase 4.4 Final Placement Cleanup
[09:07:42] Finished 4th of 6 tasks (FPGA logic placement). Elapsed time: 01h 27m 34s 

[09:07:42] Starting logic routing..
[09:08:45] Phase 1 Build RT Design
[09:12:54] Phase 2 Router Initialization
[09:13:26] Phase 2.1 Fix Topology Constraints
[09:13:26] Phase 2.2 Pre Route Cleanup
[09:13:57] Phase 2.3 Global Clock Net Routing
[09:15:32] Phase 2.4 Update Timing
[09:21:51] Phase 2.5 Update Timing for Bus Skew
[09:21:51] Phase 2.5.1 Update Timing
[09:24:27] Phase 3 Initial Routing
[09:24:27] Phase 3.1 Global Routing
[09:27:36] Phase 4 Rip-up And Reroute
[09:27:36] Phase 4.1 Global Iteration 0
[10:03:03] Phase 4.2 Global Iteration 1
[10:10:52] Phase 4.3 Global Iteration 2
[10:18:40] Phase 4.4 Global Iteration 3
[10:25:25] Phase 4.5 Global Iteration 4
[10:33:13] Phase 4.6 Global Iteration 5
[10:37:55] Phase 5 Delay and Skew Optimization
[10:37:55] Phase 5.1 Delay CleanUp
[10:37:55] Phase 5.1.1 Update Timing
[10:40:01] Phase 5.1.2 Update Timing
[10:42:38] Phase 5.2 Clock Skew Optimization
[10:43:10] Phase 6 Post Hold Fix
[10:43:10] Phase 6.1 Hold Fix Iter
[10:43:10] Phase 6.1.1 Update Timing
[10:45:47] Phase 7 Leaf Clock Prog Delay Opt
[10:52:36] Phase 7.1 Delay CleanUp
[10:52:36] Phase 7.1.1 Update Timing
[10:54:41] Phase 7.1.2 Update Timing
[10:56:49] Phase 7.2 Hold Fix Iter
[10:56:49] Phase 7.2.1 Update Timing
[10:58:54] Phase 7.2.2 Lut RouteThru Assignment for hold
[10:59:26] Phase 7.3 Additional Hold Fix
[11:05:41] Phase 8 Route finalize
[11:05:41] Phase 9 Verifying routed nets
[11:06:13] Phase 10 Depositing Routes
[11:07:46] Phase 11 Post Router Timing
[11:09:21] Phase 12 Physical Synthesis in Router
[11:09:21] Phase 12.1 Physical Synthesis Initialization
[11:11:26] Phase 12.2 Critical Path Optimization
[11:13:00] Finished 5th of 6 tasks (FPGA routing). Elapsed time: 02h 05m 18s 

[11:13:00] Starting bitstream generation..
[11:30:13] Creating bitmap...
[11:38:03] Writing bitstream ./pfm_top_i_L1_L1_URP_my_rm_partial.bit...
[11:38:03] Finished 6th of 6 tasks (FPGA bitstream generation). Elapsed time: 00h 25m 02s 
[11:38:41] Run vpl: Step impl: Completed
[11:38:42] Run vpl: FINISHED. Run Status: impl Complete!
INFO: [v++ 60-1441] [11:38:43] Run run_link: Step vpl: Completed
Time (s): cpu = 00:12:00 ; elapsed = 06:21:21 . Memory (MB): peak = 687.348 ; gain = 0.000 ; free physical = 58956 ; free virtual = 100894
INFO: [v++ 60-1443] [11:38:43] Run run_link: Step rtdgen: Started
INFO: [v++ 60-1453] Command Line: rtdgen
INFO: [v++ 60-1454] Run Directory: /home/YL_HUANG/10_21/alveo_16_8_v3/build_dir.hw.xilinx_u50_xdma_201920_1/link/run_link
INFO: [v++ 60-991] clock name 'clkwiz_kernel2_clk_out1' (clock ID '1') is being mapped to clock name 'KERNEL_CLK' in the xclbin
INFO: [v++ 60-991] clock name 'clkwiz_kernel_clk_out1' (clock ID '0') is being mapped to clock name 'DATA_CLK' in the xclbin
INFO: [v++ 60-1230] The compiler selected the following frequencies for the runtime controllable kernel clock(s) and scalable system clock(s): Kernel (KERNEL) clock: clkwiz_kernel2_clk_out1 = 500, Kernel (DATA) clock: clkwiz_kernel_clk_out1 = 192
INFO: [v++ 60-1453] Command Line: cf2sw -a /home/YL_HUANG/10_21/alveo_16_8_v3/build_dir.hw.xilinx_u50_xdma_201920_1/link/int/address_map.xml -sdsl /home/YL_HUANG/10_21/alveo_16_8_v3/build_dir.hw.xilinx_u50_xdma_201920_1/link/int/sdsl.dat -xclbin /home/YL_HUANG/10_21/alveo_16_8_v3/build_dir.hw.xilinx_u50_xdma_201920_1/link/int/xclbin_orig.xml -rtd /home/YL_HUANG/10_21/alveo_16_8_v3/build_dir.hw.xilinx_u50_xdma_201920_1/link/int/alveo_hls4ml.rtd -o /home/YL_HUANG/10_21/alveo_16_8_v3/build_dir.hw.xilinx_u50_xdma_201920_1/link/int/alveo_hls4ml.xml
INFO: [v++ 60-1618] Launching 
INFO: [v++ 60-1441] [11:38:45] Run run_link: Step rtdgen: Completed
Time (s): cpu = 00:00:02 ; elapsed = 00:00:02 . Memory (MB): peak = 687.348 ; gain = 0.000 ; free physical = 60915 ; free virtual = 102853
INFO: [v++ 60-1443] [11:38:45] Run run_link: Step xclbinutil: Started
INFO: [v++ 60-1453] Command Line: xclbinutil --add-section BITSTREAM:RAW:/home/YL_HUANG/10_21/alveo_16_8_v3/build_dir.hw.xilinx_u50_xdma_201920_1/link/int/partial.bit --force --key-value SYS:mode:hw_pr --add-section :JSON:/home/YL_HUANG/10_21/alveo_16_8_v3/build_dir.hw.xilinx_u50_xdma_201920_1/link/int/alveo_hls4ml.rtd --append-section :JSON:/home/YL_HUANG/10_21/alveo_16_8_v3/build_dir.hw.xilinx_u50_xdma_201920_1/link/int/appendSection.rtd --add-section CLOCK_FREQ_TOPOLOGY:JSON:/home/YL_HUANG/10_21/alveo_16_8_v3/build_dir.hw.xilinx_u50_xdma_201920_1/link/int/alveo_hls4ml_xml.rtd --add-section BUILD_METADATA:JSON:/home/YL_HUANG/10_21/alveo_16_8_v3/build_dir.hw.xilinx_u50_xdma_201920_1/link/int/alveo_hls4ml_build.rtd --add-section EMBEDDED_METADATA:RAW:/home/YL_HUANG/10_21/alveo_16_8_v3/build_dir.hw.xilinx_u50_xdma_201920_1/link/int/alveo_hls4ml.xml --add-section SYSTEM_METADATA:RAW:/home/YL_HUANG/10_21/alveo_16_8_v3/build_dir.hw.xilinx_u50_xdma_201920_1/link/int/systemDiagramModelSlrBaseAddress.json --output /home/YL_HUANG/10_21/alveo_16_8_v3/build_dir.hw.xilinx_u50_xdma_201920_1/link/int/alveo_hls4ml.xclbin
INFO: [v++ 60-1454] Run Directory: /home/YL_HUANG/10_21/alveo_16_8_v3/build_dir.hw.xilinx_u50_xdma_201920_1/link/run_link
XRT Build Version: 2.3.1301
       Build Date: 2019-10-25 03:04:42
          Hash ID: 192e706aea53163a04c574f9b3fe9ed76b6ca471
Creating a default 'in-memory' xclbin image.

Section: 'BITSTREAM'(0) was successfully added.
Size   : 53410354 bytes
Format : RAW
File   : '/home/YL_HUANG/10_21/alveo_16_8_v3/build_dir.hw.xilinx_u50_xdma_201920_1/link/int/partial.bit'

Section: 'MEM_TOPOLOGY'(6) was successfully added.
Format : JSON
File   : 'mem_topology'

Section: 'IP_LAYOUT'(8) was successfully added.
Format : JSON
File   : 'ip_layout'

Section: 'CONNECTIVITY'(7) was successfully added.
Format : JSON
File   : 'connectivity'

Section: 'CLOCK_FREQ_TOPOLOGY'(11) was successfully added.
Size   : 274 bytes
Format : JSON
File   : '/home/YL_HUANG/10_21/alveo_16_8_v3/build_dir.hw.xilinx_u50_xdma_201920_1/link/int/alveo_hls4ml_xml.rtd'

Section: 'BUILD_METADATA'(14) was successfully added.
Size   : 2815 bytes
Format : JSON
File   : '/home/YL_HUANG/10_21/alveo_16_8_v3/build_dir.hw.xilinx_u50_xdma_201920_1/link/int/alveo_hls4ml_build.rtd'

Section: 'EMBEDDED_METADATA'(2) was successfully added.
Size   : 21416 bytes
Format : RAW
File   : '/home/YL_HUANG/10_21/alveo_16_8_v3/build_dir.hw.xilinx_u50_xdma_201920_1/link/int/alveo_hls4ml.xml'

Section: 'SYSTEM_METADATA'(22) was successfully added.
Size   : 10409 bytes
Format : RAW
File   : '/home/YL_HUANG/10_21/alveo_16_8_v3/build_dir.hw.xilinx_u50_xdma_201920_1/link/int/systemDiagramModelSlrBaseAddress.json'

Section: 'IP_LAYOUT'(8) was successfully appended to.
Format : JSON
File   : 'ip_layout'
Successfully wrote (53462245 bytes) to the output file: /home/YL_HUANG/10_21/alveo_16_8_v3/build_dir.hw.xilinx_u50_xdma_201920_1/link/int/alveo_hls4ml.xclbin
Leaving xclbinutil.
INFO: [v++ 60-1441] [11:38:45] Run run_link: Step xclbinutil: Completed
Time (s): cpu = 00:00:00 ; elapsed = 00:00:00.09 . Memory (MB): peak = 687.348 ; gain = 0.000 ; free physical = 60864 ; free virtual = 102853
INFO: [v++ 60-1443] [11:38:45] Run run_link: Step xclbinutilinfo: Started
INFO: [v++ 60-1453] Command Line: xclbinutil --quiet --info /home/YL_HUANG/10_21/alveo_16_8_v3/build_dir.hw.xilinx_u50_xdma_201920_1/link/int/alveo_hls4ml.xclbin.info --input /home/YL_HUANG/10_21/alveo_16_8_v3/build_dir.hw.xilinx_u50_xdma_201920_1/link/int/alveo_hls4ml.xclbin
INFO: [v++ 60-1454] Run Directory: /home/YL_HUANG/10_21/alveo_16_8_v3/build_dir.hw.xilinx_u50_xdma_201920_1/link/run_link
INFO: [v++ 60-1441] [11:38:46] Run run_link: Step xclbinutilinfo: Completed
Time (s): cpu = 00:00:00.39 ; elapsed = 00:00:00.44 . Memory (MB): peak = 687.348 ; gain = 0.000 ; free physical = 60862 ; free virtual = 102851
INFO: [v++ 60-244] Generating system estimate report...
INFO: [v++ 60-1092] Generated system estimate report: /home/YL_HUANG/10_21/alveo_16_8_v3/build_dir.hw.xilinx_u50_xdma_201920_1/reports/link/system_estimate_alveo_hls4ml.xtxt
INFO: [v++ 60-586] Created /home/YL_HUANG/10_21/alveo_16_8_v3/build_dir.hw.xilinx_u50_xdma_201920_1/alveo_hls4ml.ltx
INFO: [v++ 60-586] Created build_dir.hw.xilinx_u50_xdma_201920_1/alveo_hls4ml.xclbin
INFO: [v++ 60-1307] Run completed. Additional information can be found in:
	Guidance: /home/YL_HUANG/10_21/alveo_16_8_v3/build_dir.hw.xilinx_u50_xdma_201920_1/reports/link/v++_link_alveo_hls4ml_guidance.html
	Timing Report: /home/YL_HUANG/10_21/alveo_16_8_v3/build_dir.hw.xilinx_u50_xdma_201920_1/reports/link/imp/xilinx_u50_xdma_201920_1_bb_locked_timing_summary_routed.rpt
	Utilizations Report: /home/YL_HUANG/10_21/alveo_16_8_v3/build_dir.hw.xilinx_u50_xdma_201920_1/reports/link/imp/kernel_util_routed.rpt
	Vivado Log: /home/YL_HUANG/10_21/alveo_16_8_v3/build_dir.hw.xilinx_u50_xdma_201920_1/logs/link/vivado.log
	Steps Log File: /home/YL_HUANG/10_21/alveo_16_8_v3/build_dir.hw.xilinx_u50_xdma_201920_1/logs/link/link.steps.log

INFO: [v++ 60-791] Total elapsed time: 6h 22m 4s
